2026-02-27 21:38:54.477 [INFO] [corr=startup-fc5cb76a547f47cfa035b4d303679713] PerfScope: MainForm.Load | ElapsedMs=27 | MemoryDeltaBytes=108880 | Gc0Delta=0 | Gc1Delta=0 | Gc2Delta=0 | ThreadId=1
2026-02-27 21:38:55.619 [INFO] [corr=startup-fc5cb76a547f47cfa035b4d303679713] PerfScope: MainForm.CheckRoomMapChanges | ElapsedMs=123 | MemoryDeltaBytes=163328 | Gc0Delta=0 | Gc1Delta=0 | Gc2Delta=0 | ThreadId=1
2026-02-27 21:38:55.620 [INFO] [corr=startup-fc5cb76a547f47cfa035b4d303679713] PerfScope: MainForm.LoadRoomTiles | RoomCount=11 | FloorCount=3 | ElapsedMs=1152 | MemoryDeltaBytes=1361788 | Gc0Delta=0 | Gc1Delta=0 | Gc2Delta=0 | ThreadId=1
2026-02-27 21:39:01.377 [INFO] [corr=4ab6bc2cb4d243279327788500e5cf0b] PerfScope: HourlyCheckout.Load | RoomId=30001 | BookingId=30002 | ElapsedMs=681 | MemoryDeltaBytes=599960 | Gc0Delta=1 | Gc1Delta=1 | Gc2Delta=0 | ThreadId=1
2026-02-27 21:39:05.200 [INFO] [corr=eb7e2216e3314ad487f0d06848513f62] PerfScope: HourlyCheckout.Pay | BookingId=30002 | TotalCharge=2680000 | DueAmount=2680000 | ElapsedMs=2288 | MemoryDeltaBytes=1010696 | Gc0Delta=0 | Gc1Delta=0 | Gc2Delta=0 | ThreadId=1
2026-02-27 21:39:05.461 [INFO] [corr=startup-fc5cb76a547f47cfa035b4d303679713] PerfScope: MainForm.LoadRoomTiles | RoomCount=11 | FloorCount=3 | ElapsedMs=383 | MemoryDeltaBytes=1143440 | Gc0Delta=0 | Gc1Delta=0 | Gc2Delta=0 | ThreadId=1
2026-02-27 21:39:08.271 [INFO] [corr=startup-fc5cb76a547f47cfa035b4d303679713] PerfScope: MainForm.LoadRoomTiles | RoomCount=11 | FloorCount=3 | ElapsedMs=489 | MemoryDeltaBytes=585612 | Gc0Delta=0 | Gc1Delta=0 | Gc2Delta=0 | ThreadId=1
2026-02-27 21:39:17.262 [INFO] [corr=-] PerfScope: Program.Main.DatabaseInitialize | ElapsedMs=7674 | MemoryDeltaBytes=500036 | Gc0Delta=5 | Gc1Delta=5 | Gc2Delta=1 | ThreadId=5
2026-02-27 21:39:22.684 [INFO] [corr=-] PerfScope: Program.EnsureStatisticsSchema | ElapsedMs=5416 | MemoryDeltaBytes=1193944 | Gc0Delta=0 | Gc1Delta=0 | Gc2Delta=0 | ThreadId=5
2026-02-27 21:39:23.172 [INFO] [corr=-] PerfScope: Program.EnsurePerformanceIndexes | ElapsedMs=489 | MemoryDeltaBytes=480268 | Gc0Delta=0 | Gc1Delta=0 | Gc2Delta=0 | ThreadId=5
2026-02-27 21:39:23.172 [INFO] [corr=-] PerfScope: Program.StartupMaintenance.Background | ElapsedMs=5910 | MemoryDeltaBytes=1697736 | Gc0Delta=0 | Gc1Delta=0 | Gc2Delta=0 | ThreadId=5
2026-02-27 21:39:23.413 [INFO] [corr=startup-fc5cb76a547f47cfa035b4d303679713] PerfScope: MainForm.CheckRoomMapChanges | ElapsedMs=640 | MemoryDeltaBytes=421464 | Gc0Delta=0 | Gc1Delta=0 | Gc2Delta=0 | ThreadId=1
2026-02-27 21:39:23.880 [INFO] [corr=startup-fc5cb76a547f47cfa035b4d303679713] PerfScope: MainForm.CheckRoomMapChanges | ElapsedMs=124 | MemoryDeltaBytes=154936 | Gc0Delta=0 | Gc1Delta=0 | Gc2Delta=0 | ThreadId=1
2026-02-27 21:39:23.880 [INFO] [corr=startup-fc5cb76a547f47cfa035b4d303679713] PerfScope: MainForm.LoadRoomTiles | RoomCount=11 | FloorCount=3 | ElapsedMs=1184 | MemoryDeltaBytes=1029596 | Gc0Delta=0 | Gc1Delta=0 | Gc2Delta=0 | ThreadId=1
2026-02-27 21:39:24.369 [INFO] [corr=startup-fc5cb76a547f47cfa035b4d303679713] PerfScope: MainForm.LoadRoomTiles | RoomCount=11 | FloorCount=3 | ElapsedMs=486 | MemoryDeltaBytes=474116 | Gc0Delta=0 | Gc1Delta=0 | Gc2Delta=0 | ThreadId=1
2026-02-27 21:39:41.258 [INFO] [corr=startup-fc5cb76a547f47cfa035b4d303679713] PerfScope: MainForm.LoadAuditLog | FromDate=2026-01-29 | ToDate=2026-02-27 | Page=1 | PageRows=50 | TotalRows=131 | ElapsedMs=203 | MemoryDeltaBytes=528816 | Gc0Delta=0 | Gc1Delta=0 | Gc2Delta=0 | ThreadId=1
2026-02-27 21:39:41.267 [INFO] [corr=startup-fc5cb76a547f47cfa035b4d303679713] PerfScope: MainForm.LoadExplorerData | FromDate=2026-01-29 | ToDate=2026-02-27 | Page=1 | PageSize=20 | SortBy=checkin_desc | DbRows=20 | TotalRows=32 | ElapsedMs=220 | MemoryDeltaBytes=676096 | Gc0Delta=0 | Gc1Delta=0 | Gc2Delta=0 | ThreadId=1
2026-02-27 21:39:41.412 [INFO] [corr=startup-fc5cb76a547f47cfa035b4d303679713] PerfScope: MainForm.LoadAuditLog | FromDate=2026-01-29 | ToDate=2026-02-27 | Page=1 | PageRows=50 | TotalRows=131 | ElapsedMs=171 | MemoryDeltaBytes=612496 | Gc0Delta=0 | Gc1Delta=0 | Gc2Delta=0 | ThreadId=1
2026-02-27 21:39:41.526 [INFO] [corr=startup-fc5cb76a547f47cfa035b4d303679713] PerfScope: MainForm.LoadExplorerData | FromDate=2026-01-29 | ToDate=2026-02-27 | Page=1 | PageSize=20 | SortBy=checkin_desc | DbRows=20 | TotalRows=32 | ElapsedMs=286 | MemoryDeltaBytes=916768 | Gc0Delta=0 | Gc1Delta=0 | Gc2Delta=0 | ThreadId=1
2026-02-27 21:39:41.730 [INFO] [corr=startup-fc5cb76a547f47cfa035b4d303679713] PerfScope: MainForm.LoadBookingStats | FromDate=2026-01-29 | ToDate=2026-02-27 | BookingType=-1 | ForceReload=True | BookingRows=32 | ElapsedMs=683 | MemoryDeltaBytes=1773788 | Gc0Delta=0 | Gc1Delta=0 | Gc2Delta=0 | ThreadId=1
2026-02-27 21:39:41.938 [INFO] [corr=startup-fc5cb76a547f47cfa035b4d303679713] PerfScope: MainForm.LoadDataAlerts | FromDate=2026-01-29 | ToDate=2026-02-27 | AlertRows=8 | ElapsedMs=418 | MemoryDeltaBytes=676588 | Gc0Delta=0 | Gc1Delta=0 | Gc2Delta=0 | ThreadId=1
2026-02-27 21:39:42.171 [INFO] [corr=startup-fc5cb76a547f47cfa035b4d303679713] PerfScope: MainForm.LoadKpiDashboard | FromDate=2026-01-29 | ToDate=2026-02-27 | BookingType=-1 | RevenueTrendRows=14 | TopChannelRows=1 | ElapsedMs=441 | MemoryDeltaBytes=411960 | Gc0Delta=0 | Gc1Delta=0 | Gc2Delta=0 | ThreadId=1
2026-02-27 21:39:42.280 [INFO] [corr=startup-fc5cb76a547f47cfa035b4d303679713] PerfScope: MainForm.CheckBookingStatisticsChanges | ElapsedMs=236 | MemoryDeltaBytes=268072 | Gc0Delta=0 | Gc1Delta=0 | Gc2Delta=0 | ThreadId=1
2026-02-27 21:39:49.017 [INFO] [corr=startup-fc5cb76a547f47cfa035b4d303679713] PerfScope: MainForm.RefreshRoomBillingSnapshots | ElapsedMs=148 | MemoryDeltaBytes=211688 | Gc0Delta=0 | Gc1Delta=0 | Gc2Delta=0 | ThreadId=1
2026-02-27 21:39:49.692 [INFO] [corr=startup-fc5cb76a547f47cfa035b4d303679713] PerfScope: MainForm.CheckRoomMapChanges | ElapsedMs=124 | MemoryDeltaBytes=81392 | Gc0Delta=0 | Gc1Delta=0 | Gc2Delta=0 | ThreadId=1
2026-02-27 21:41:37.951 [INFO] [corr=startup-fc5cb76a547f47cfa035b4d303679713] PerfScope: MainForm.CheckRoomMapChanges | ElapsedMs=680 | MemoryDeltaBytes=171492 | Gc0Delta=0 | Gc1Delta=0 | Gc2Delta=0 | ThreadId=1
2026-02-27 21:41:38.563 [INFO] [corr=startup-fc5cb76a547f47cfa035b4d303679713] PerfScope: MainForm.RefreshRoomBillingSnapshots | ElapsedMs=2070 | MemoryDeltaBytes=490824 | Gc0Delta=0 | Gc1Delta=0 | Gc2Delta=0 | ThreadId=1
2026-02-27 21:41:39.660 [INFO] [corr=650cb28d123d48d68855f732be1eddd2] PerfScope: HourlyCheckout.Load | RoomId=30001 | BookingId=150001 | ElapsedMs=619 | MemoryDeltaBytes=2268876 | Gc0Delta=0 | Gc1Delta=0 | Gc2Delta=0 | ThreadId=1
2026-02-27 21:41:44.922 [INFO] [corr=startup-fc5cb76a547f47cfa035b4d303679713] PerfScope: MainForm.CheckRoomMapChanges | ElapsedMs=129 | MemoryDeltaBytes=49152 | Gc0Delta=0 | Gc1Delta=0 | Gc2Delta=0 | ThreadId=1
2026-02-27 21:42:21.100 [INFO] [corr=startup-fc5cb76a547f47cfa035b4d303679713] PerfScope: MainForm.RefreshRoomBillingSnapshots | ElapsedMs=143 | MemoryDeltaBytes=196564 | Gc0Delta=0 | Gc1Delta=0 | Gc2Delta=0 | ThreadId=1
2026-02-27 21:42:22.471 [INFO] [corr=startup-fc5cb76a547f47cfa035b4d303679713] PerfScope: MainForm.CheckRoomMapChanges | ElapsedMs=132 | MemoryDeltaBytes=40856 | Gc0Delta=0 | Gc1Delta=0 | Gc2Delta=0 | ThreadId=1
2026-02-27 21:42:24.531 [INFO] [corr=b1c47d2e99404f319fe7bb54e136e782] PerfScope: OvernightCheckout.Load | RoomId=30002 | BookingId=30001 | ElapsedMs=1392 | MemoryDeltaBytes=-4100780 | Gc0Delta=1 | Gc1Delta=1 | Gc2Delta=0 | ThreadId=1
2026-02-27 21:42:28.041 [INFO] [corr=28ef9afd20df47b1b2eeea7d7c953c1e] PerfScope: OvernightCheckout.Pay | BookingId=30001 | NightCount=1 | TotalCharge=270000 | DueAmount=0 | ElapsedMs=2032 | MemoryDeltaBytes=915832 | Gc0Delta=0 | Gc1Delta=0 | Gc2Delta=0 | ThreadId=1
2026-02-27 21:42:28.443 [INFO] [corr=startup-fc5cb76a547f47cfa035b4d303679713] PerfScope: MainForm.LoadRoomTiles | RoomCount=11 | FloorCount=3 | ElapsedMs=609 | MemoryDeltaBytes=1159308 | Gc0Delta=0 | Gc1Delta=0 | Gc2Delta=0 | ThreadId=1
2026-02-27 21:42:30.109 [INFO] [corr=startup-fc5cb76a547f47cfa035b4d303679713] PerfScope: MainForm.LoadRoomTiles | RoomCount=11 | FloorCount=3 | ElapsedMs=598 | MemoryDeltaBytes=663976 | Gc0Delta=0 | Gc1Delta=0 | Gc2Delta=0 | ThreadId=1
2026-02-27 21:42:45.025 [INFO] [corr=startup-fc5cb76a547f47cfa035b4d303679713] PerfScope: MainForm.CheckRoomMapChanges | ElapsedMs=126 | MemoryDeltaBytes=-4682852 | Gc0Delta=1 | Gc1Delta=0 | Gc2Delta=0 | ThreadId=1
2026-02-27 21:42:50.375 [INFO] [corr=startup-fc5cb76a547f47cfa035b4d303679713] PerfScope: MainForm.RefreshRoomBillingSnapshots | ElapsedMs=143 | MemoryDeltaBytes=90012 | Gc0Delta=0 | Gc1Delta=0 | Gc2Delta=0 | ThreadId=1
2026-02-27 21:42:52.535 [INFO] [corr=startup-fc5cb76a547f47cfa035b4d303679713] PerfScope: MainForm.CheckRoomMapChanges | ElapsedMs=124 | MemoryDeltaBytes=48784 | Gc0Delta=0 | Gc1Delta=0 | Gc2Delta=0 | ThreadId=1
2026-02-27 21:43:11.435 [INFO] [corr=startup-fc5cb76a547f47cfa035b4d303679713] PerfScope: MainForm.RefreshRoomBillingSnapshots | ElapsedMs=138 | MemoryDeltaBytes=89596 | Gc0Delta=0 | Gc1Delta=0 | Gc2Delta=0 | ThreadId=1
2026-02-27 21:43:15.064 [INFO] [corr=startup-fc5cb76a547f47cfa035b4d303679713] PerfScope: MainForm.CheckRoomMapChanges | ElapsedMs=126 | MemoryDeltaBytes=106432 | Gc0Delta=0 | Gc1Delta=0 | Gc2Delta=0 | ThreadId=1
2026-02-27 21:43:32.542 [INFO] [corr=startup-fc5cb76a547f47cfa035b4d303679713] PerfScope: MainForm.RefreshRoomBillingSnapshots | ElapsedMs=143 | MemoryDeltaBytes=85232 | Gc0Delta=0 | Gc1Delta=0 | Gc2Delta=0 | ThreadId=1
2026-02-27 21:43:37.602 [INFO] [corr=startup-fc5cb76a547f47cfa035b4d303679713] PerfScope: MainForm.CheckRoomMapChanges | ElapsedMs=125 | MemoryDeltaBytes=49152 | Gc0Delta=0 | Gc1Delta=0 | Gc2Delta=0 | ThreadId=1
2026-02-27 21:43:53.677 [INFO] [corr=startup-fc5cb76a547f47cfa035b4d303679713] PerfScope: MainForm.RefreshRoomBillingSnapshots | ElapsedMs=151 | MemoryDeltaBytes=89616 | Gc0Delta=0 | Gc1Delta=0 | Gc2Delta=0 | ThreadId=1
2026-02-27 21:44:00.155 [INFO] [corr=startup-fc5cb76a547f47cfa035b4d303679713] PerfScope: MainForm.CheckRoomMapChanges | ElapsedMs=127 | MemoryDeltaBytes=40936 | Gc0Delta=0 | Gc1Delta=0 | Gc2Delta=0 | ThreadId=1
2026-02-27 21:44:14.736 [INFO] [corr=startup-fc5cb76a547f47cfa035b4d303679713] PerfScope: MainForm.RefreshRoomBillingSnapshots | ElapsedMs=144 | MemoryDeltaBytes=94172 | Gc0Delta=0 | Gc1Delta=0 | Gc2Delta=0 | ThreadId=1
2026-02-27 21:44:22.725 [INFO] [corr=startup-fc5cb76a547f47cfa035b4d303679713] PerfScope: MainForm.CheckRoomMapChanges | ElapsedMs=132 | MemoryDeltaBytes=63680 | Gc0Delta=0 | Gc1Delta=0 | Gc2Delta=0 | ThreadId=1
2026-02-27 21:44:35.937 [INFO] [corr=startup-fc5cb76a547f47cfa035b4d303679713] PerfScope: MainForm.RefreshRoomBillingSnapshots | ElapsedMs=145 | MemoryDeltaBytes=97920 | Gc0Delta=0 | Gc1Delta=0 | Gc2Delta=0 | ThreadId=1
2026-02-27 21:44:45.930 [INFO] [corr=startup-fc5cb76a547f47cfa035b4d303679713] PerfScope: MainForm.CheckRoomMapChanges | ElapsedMs=135 | MemoryDeltaBytes=138104 | Gc0Delta=0 | Gc1Delta=0 | Gc2Delta=0 | ThreadId=1
2026-02-27 21:44:57.029 [INFO] [corr=startup-fc5cb76a547f47cfa035b4d303679713] PerfScope: MainForm.RefreshRoomBillingSnapshots | ElapsedMs=145 | MemoryDeltaBytes=81828 | Gc0Delta=0 | Gc1Delta=0 | Gc2Delta=0 | ThreadId=1
2026-02-27 21:45:08.445 [INFO] [corr=startup-fc5cb76a547f47cfa035b4d303679713] PerfScope: MainForm.CheckRoomMapChanges | ElapsedMs=126 | MemoryDeltaBytes=40940 | Gc0Delta=0 | Gc1Delta=0 | Gc2Delta=0 | ThreadId=1
2026-02-27 21:45:18.151 [INFO] [corr=startup-fc5cb76a547f47cfa035b4d303679713] PerfScope: MainForm.RefreshRoomBillingSnapshots | ElapsedMs=148 | MemoryDeltaBytes=97804 | Gc0Delta=0 | Gc1Delta=0 | Gc2Delta=0 | ThreadId=1
2026-02-27 21:45:23.474 [INFO] [corr=startup-fc5cb76a547f47cfa035b4d303679713] PerfScope: MainForm.CheckRoomMapChanges | ElapsedMs=130 | MemoryDeltaBytes=-5185856 | Gc0Delta=1 | Gc1Delta=0 | Gc2Delta=0 | ThreadId=1
2026-02-27 21:45:30.992 [INFO] [corr=startup-fc5cb76a547f47cfa035b4d303679713] PerfScope: MainForm.CheckRoomMapChanges | ElapsedMs=131 | MemoryDeltaBytes=49152 | Gc0Delta=0 | Gc1Delta=0 | Gc2Delta=0 | ThreadId=1
2026-02-27 21:45:39.199 [INFO] [corr=startup-fc5cb76a547f47cfa035b4d303679713] PerfScope: MainForm.RefreshRoomBillingSnapshots | ElapsedMs=142 | MemoryDeltaBytes=97868 | Gc0Delta=0 | Gc1Delta=0 | Gc2Delta=0 | ThreadId=1
2026-02-27 21:45:53.532 [INFO] [corr=startup-fc5cb76a547f47cfa035b4d303679713] PerfScope: MainForm.CheckRoomMapChanges | ElapsedMs=130 | MemoryDeltaBytes=40936 | Gc0Delta=0 | Gc1Delta=0 | Gc2Delta=0 | ThreadId=1
2026-02-27 21:46:00.290 [INFO] [corr=startup-fc5cb76a547f47cfa035b4d303679713] PerfScope: MainForm.RefreshRoomBillingSnapshots | ElapsedMs=153 | MemoryDeltaBytes=155248 | Gc0Delta=0 | Gc1Delta=0 | Gc2Delta=0 | ThreadId=1
2026-02-27 21:46:16.095 [INFO] [corr=startup-fc5cb76a547f47cfa035b4d303679713] PerfScope: MainForm.CheckRoomMapChanges | ElapsedMs=150 | MemoryDeltaBytes=48952 | Gc0Delta=0 | Gc1Delta=0 | Gc2Delta=0 | ThreadId=1
2026-02-27 21:46:21.391 [INFO] [corr=startup-fc5cb76a547f47cfa035b4d303679713] PerfScope: MainForm.RefreshRoomBillingSnapshots | ElapsedMs=149 | MemoryDeltaBytes=98224 | Gc0Delta=0 | Gc1Delta=0 | Gc2Delta=0 | ThreadId=1
2026-02-27 21:46:38.629 [INFO] [corr=startup-fc5cb76a547f47cfa035b4d303679713] PerfScope: MainForm.CheckRoomMapChanges | ElapsedMs=128 | MemoryDeltaBytes=49152 | Gc0Delta=0 | Gc1Delta=0 | Gc2Delta=0 | ThreadId=1
2026-02-27 21:46:42.491 [INFO] [corr=startup-fc5cb76a547f47cfa035b4d303679713] PerfScope: MainForm.RefreshRoomBillingSnapshots | ElapsedMs=143 | MemoryDeltaBytes=97896 | Gc0Delta=0 | Gc1Delta=0 | Gc2Delta=0 | ThreadId=1
2026-02-27 21:46:53.886 [INFO] [corr=startup-fc5cb76a547f47cfa035b4d303679713] PerfScope: MainForm.CheckRoomMapChanges | ElapsedMs=369 | MemoryDeltaBytes=40940 | Gc0Delta=0 | Gc1Delta=0 | Gc2Delta=0 | ThreadId=1
2026-02-27 21:47:02.095 [INFO] [corr=startup-fc5cb76a547f47cfa035b4d303679713] PerfScope: MainForm.CheckRoomMapChanges | ElapsedMs=128 | MemoryDeltaBytes=130996 | Gc0Delta=0 | Gc1Delta=0 | Gc2Delta=0 | ThreadId=1
2026-02-27 21:47:03.049 [INFO] [corr=startup-fc5cb76a547f47cfa035b4d303679713] PerfScope: MainForm.RefreshRoomBillingSnapshots | ElapsedMs=148 | MemoryDeltaBytes=81828 | Gc0Delta=0 | Gc1Delta=0 | Gc2Delta=0 | ThreadId=1
2026-02-27 21:47:16.426 [INFO] [corr=startup-fc5cb76a547f47cfa035b4d303679713] PerfScope: OvernightCheckout.Load | RoomId=30002 | BookingId=150002 | ElapsedMs=1010 | MemoryDeltaBytes=1400252 | Gc0Delta=0 | Gc1Delta=0 | Gc2Delta=0 | ThreadId=1
2026-02-27 21:47:35.260 [INFO] [corr=a9fcc866e8a441febb8045586dd666aa] PerfScope: MainForm.RefreshRoomBillingSnapshots | ElapsedMs=142 | MemoryDeltaBytes=188028 | Gc0Delta=0 | Gc1Delta=0 | Gc2Delta=0 | ThreadId=1
2026-02-27 21:47:43.028 [INFO] [corr=a9fcc866e8a441febb8045586dd666aa] PerfScope: RoomDetail.Load | RoomId=30002 | ElapsedMs=608 | MemoryDeltaBytes=221132 | Gc0Delta=1 | Gc1Delta=0 | Gc2Delta=0 | ThreadId=1
2026-02-27 21:48:10.754 [INFO] [corr=a9fcc866e8a441febb8045586dd666aa] PerfScope: MainForm.RefreshRoomBillingSnapshots | ElapsedMs=153 | MemoryDeltaBytes=188252 | Gc0Delta=0 | Gc1Delta=0 | Gc2Delta=0 | ThreadId=1
2026-02-27 21:48:12.082 [INFO] [corr=a9fcc866e8a441febb8045586dd666aa] PerfScope: MainForm.CheckRoomMapChanges | ElapsedMs=136 | MemoryDeltaBytes=40888 | Gc0Delta=0 | Gc1Delta=0 | Gc2Delta=0 | ThreadId=1
2026-02-27 21:48:12.552 [INFO] [corr=a9fcc866e8a441febb8045586dd666aa] PerfScope: MainForm.LoadRoomTiles | RoomCount=11 | FloorCount=3 | ElapsedMs=476 | MemoryDeltaBytes=509816 | Gc0Delta=0 | Gc1Delta=0 | Gc2Delta=0 | ThreadId=1
2026-02-27 21:49:43.869 [INFO] [corr=a9fcc866e8a441febb8045586dd666aa] PerfScope: MainForm.RefreshRoomBillingSnapshots | ElapsedMs=178 | MemoryDeltaBytes=212804 | Gc0Delta=0 | Gc1Delta=0 | Gc2Delta=0 | ThreadId=1
2026-02-27 21:49:44.674 [INFO] [corr=a9fcc866e8a441febb8045586dd666aa] PerfScope: MainForm.CheckRoomMapChanges | ElapsedMs=124 | MemoryDeltaBytes=49056 | Gc0Delta=0 | Gc1Delta=0 | Gc2Delta=0 | ThreadId=1
2026-02-27 21:50:22.346 [INFO] [corr=a9fcc866e8a441febb8045586dd666aa] PerfScope: MainForm.RefreshRoomBillingSnapshots | ElapsedMs=154 | MemoryDeltaBytes=196476 | Gc0Delta=0 | Gc1Delta=0 | Gc2Delta=0 | ThreadId=1
2026-02-27 21:50:24.749 [INFO] [corr=a9fcc866e8a441febb8045586dd666aa] PerfScope: MainForm.CheckRoomMapChanges | ElapsedMs=125 | MemoryDeltaBytes=40892 | Gc0Delta=0 | Gc1Delta=0 | Gc2Delta=0 | ThreadId=1
2026-02-27 21:50:43.085 [INFO] [corr=a9fcc866e8a441febb8045586dd666aa] PerfScope: MainForm.RefreshRoomBillingSnapshots | ElapsedMs=150 | MemoryDeltaBytes=86924 | Gc0Delta=0 | Gc1Delta=0 | Gc2Delta=0 | ThreadId=1
2026-02-27 21:50:47.279 [INFO] [corr=a9fcc866e8a441febb8045586dd666aa] PerfScope: MainForm.CheckRoomMapChanges | ElapsedMs=130 | MemoryDeltaBytes=40936 | Gc0Delta=0 | Gc1Delta=0 | Gc2Delta=0 | ThreadId=1
2026-02-27 21:51:06.618 [INFO] [corr=a9fcc866e8a441febb8045586dd666aa] PerfScope: RoomDetail.Load | RoomId=30004 | ElapsedMs=443 | MemoryDeltaBytes=179940 | Gc0Delta=1 | Gc1Delta=0 | Gc2Delta=0 | ThreadId=1
2026-02-27 21:51:08.445 [INFO] [corr=a9fcc866e8a441febb8045586dd666aa] PerfScope: MainForm.RefreshRoomBillingSnapshots | ElapsedMs=174 | MemoryDeltaBytes=204596 | Gc0Delta=0 | Gc1Delta=0 | Gc2Delta=0 | ThreadId=1
2026-02-27 21:51:09.796 [INFO] [corr=a9fcc866e8a441febb8045586dd666aa] PerfScope: MainForm.CheckRoomMapChanges | ElapsedMs=127 | MemoryDeltaBytes=49048 | Gc0Delta=0 | Gc1Delta=0 | Gc2Delta=0 | ThreadId=1
2026-02-27 21:51:42.975 [INFO] [corr=a9fcc866e8a441febb8045586dd666aa] PerfScope: MainForm.RefreshRoomBillingSnapshots | ElapsedMs=182 | MemoryDeltaBytes=196568 | Gc0Delta=0 | Gc1Delta=0 | Gc2Delta=0 | ThreadId=1
2026-02-27 21:51:44.857 [INFO] [corr=a9fcc866e8a441febb8045586dd666aa] PerfScope: MainForm.CheckRoomMapChanges | ElapsedMs=125 | MemoryDeltaBytes=40892 | Gc0Delta=0 | Gc1Delta=0 | Gc2Delta=0 | ThreadId=1
2026-02-27 21:52:03.457 [INFO] [corr=a9fcc866e8a441febb8045586dd666aa] PerfScope: MainForm.RefreshRoomBillingSnapshots | ElapsedMs=148 | MemoryDeltaBytes=89712 | Gc0Delta=0 | Gc1Delta=0 | Gc2Delta=0 | ThreadId=1
2026-02-27 21:52:07.374 [INFO] [corr=a9fcc866e8a441febb8045586dd666aa] PerfScope: MainForm.CheckRoomMapChanges | ElapsedMs=128 | MemoryDeltaBytes=40936 | Gc0Delta=0 | Gc1Delta=0 | Gc2Delta=0 | ThreadId=1
2026-02-27 21:52:24.594 [INFO] [corr=a9fcc866e8a441febb8045586dd666aa] PerfScope: MainForm.RefreshRoomBillingSnapshots | ElapsedMs=148 | MemoryDeltaBytes=94700 | Gc0Delta=0 | Gc1Delta=0 | Gc2Delta=0 | ThreadId=1
2026-02-27 21:52:29.935 [INFO] [corr=a9fcc866e8a441febb8045586dd666aa] PerfScope: MainForm.CheckRoomMapChanges | ElapsedMs=127 | MemoryDeltaBytes=40936 | Gc0Delta=0 | Gc1Delta=0 | Gc2Delta=0 | ThreadId=1
2026-02-27 21:52:38.043 [INFO] [corr=a9fcc866e8a441febb8045586dd666aa] PerfScope: Program.Main.Bootstrap | ElapsedMs=827048 | MemoryDeltaBytes=16019732 | Gc0Delta=35 | Gc1Delta=18 | Gc2Delta=3 | ThreadId=1
2026-02-27 21:52:38.043 [INFO] [corr=-] PerfScope: Program.Main.TotalStartup | ElapsedMs=827089 | MemoryDeltaBytes=16036116 | Gc0Delta=35 | Gc1Delta=18 | Gc2Delta=3 | ThreadId=1
2026-02-27 22:04:46.802 [INFO] [corr=startup-37532ddd513542dcb7fbdfc1a4443d04] PerfScope: MainForm.Load | ElapsedMs=24 | MemoryDeltaBytes=109084 | Gc0Delta=0 | Gc1Delta=0 | Gc2Delta=0 | ThreadId=1
2026-02-27 22:04:48.115 [INFO] [corr=startup-37532ddd513542dcb7fbdfc1a4443d04] PerfScope: MainForm.CheckRoomMapChanges | ElapsedMs=124 | MemoryDeltaBytes=163332 | Gc0Delta=0 | Gc1Delta=0 | Gc2Delta=0 | ThreadId=1
2026-02-27 22:04:48.115 [INFO] [corr=startup-37532ddd513542dcb7fbdfc1a4443d04] PerfScope: MainForm.LoadRoomTiles | RoomCount=11 | FloorCount=3 | ElapsedMs=1313 | MemoryDeltaBytes=1383700 | Gc0Delta=0 | Gc1Delta=0 | Gc2Delta=0 | ThreadId=1
2026-02-27 22:04:51.143 [INFO] [corr=7b307b63d2c04fb592f00bfc2f2d3a89] PerfScope: OvernightCheckout.Load | RoomId=30002 | BookingId=150002 | ElapsedMs=1090 | MemoryDeltaBytes=568568 | Gc0Delta=3 | Gc1Delta=2 | Gc2Delta=1 | ThreadId=1
2026-02-27 22:05:02.371 [INFO] [corr=startup-37532ddd513542dcb7fbdfc1a4443d04] PerfScope: MainForm.LoadAuditLog | FromDate=2026-01-29 | ToDate=2026-02-27 | Page=1 | PageRows=50 | TotalRows=166 | ElapsedMs=197 | MemoryDeltaBytes=446340 | Gc0Delta=0 | Gc1Delta=0 | Gc2Delta=0 | ThreadId=1
2026-02-27 22:05:02.480 [INFO] [corr=startup-37532ddd513542dcb7fbdfc1a4443d04] PerfScope: MainForm.LoadExplorerData | FromDate=2026-01-29 | ToDate=2026-02-27 | Page=1 | PageSize=20 | SortBy=checkin_desc | DbRows=20 | TotalRows=33 | ElapsedMs=315 | MemoryDeltaBytes=716168 | Gc0Delta=0 | Gc1Delta=0 | Gc2Delta=0 | ThreadId=1
2026-02-27 22:05:02.798 [INFO] [corr=startup-37532ddd513542dcb7fbdfc1a4443d04] PerfScope: MainForm.LoadDataAlerts | FromDate=2026-01-29 | ToDate=2026-02-27 | AlertRows=7 | ElapsedMs=314 | MemoryDeltaBytes=576488 | Gc0Delta=0 | Gc1Delta=0 | Gc2Delta=0 | ThreadId=1
2026-02-27 22:05:02.979 [INFO] [corr=startup-37532ddd513542dcb7fbdfc1a4443d04] PerfScope: MainForm.LoadBookingStats | FromDate=2026-01-29 | ToDate=2026-02-27 | BookingType=-1 | ForceReload=True | BookingRows=33 | ElapsedMs=810 | MemoryDeltaBytes=2141876 | Gc0Delta=0 | Gc1Delta=0 | Gc2Delta=0 | ThreadId=1
2026-02-27 22:05:03.188 [INFO] [corr=startup-37532ddd513542dcb7fbdfc1a4443d04] PerfScope: MainForm.CheckBookingStatisticsChanges | ElapsedMs=954 | MemoryDeltaBytes=3839620 | Gc0Delta=0 | Gc1Delta=0 | Gc2Delta=0 | ThreadId=1
2026-02-27 22:05:03.818 [INFO] [corr=startup-37532ddd513542dcb7fbdfc1a4443d04] PerfScope: MainForm.LoadKpiDashboard | FromDate=2026-01-29 | ToDate=2026-02-27 | BookingType=-1 | RevenueTrendRows=14 | TopChannelRows=1 | ElapsedMs=841 | MemoryDeltaBytes=-526168 | Gc0Delta=3 | Gc1Delta=3 | Gc2Delta=1 | ThreadId=1
2026-02-27 22:05:08.864 [INFO] [corr=-] PerfScope: Program.Main.DatabaseInitialize | ElapsedMs=6868 | MemoryDeltaBytes=-559716 | Gc0Delta=6 | Gc1Delta=5 | Gc2Delta=1 | ThreadId=9
2026-02-27 22:05:53.649 [INFO] [corr=startup-37532ddd513542dcb7fbdfc1a4443d04] PerfScope: MainForm.RefreshRoomBillingSnapshots | ElapsedMs=145 | MemoryDeltaBytes=196484 | Gc0Delta=0 | Gc1Delta=0 | Gc2Delta=0 | ThreadId=1
2026-02-27 22:05:54.519 [INFO] [corr=startup-37532ddd513542dcb7fbdfc1a4443d04] PerfScope: MainForm.CheckRoomMapChanges | ElapsedMs=124 | MemoryDeltaBytes=49088 | Gc0Delta=0 | Gc1Delta=0 | Gc2Delta=0 | ThreadId=1
2026-02-27 22:05:58.653 [INFO] [corr=startup-37532ddd513542dcb7fbdfc1a4443d04] PerfScope: RoomDetail.Load | RoomId=30004 | ElapsedMs=485 | MemoryDeltaBytes=198008 | Gc0Delta=1 | Gc1Delta=0 | Gc2Delta=0 | ThreadId=1
2026-02-27 22:06:01.226 [INFO] [corr=4c5a29d102d34d3199514d847c648eb5] PerfScope: RoomDetail.SaveCheckin | RoomId=30004 | ElapsedMs=1872 | MemoryDeltaBytes=16384 | Gc0Delta=0 | Gc1Delta=0 | Gc2Delta=0 | ThreadId=1
2026-02-27 22:06:19.244 [INFO] [corr=3005bac4ec1c4c7c9686a1b1fccc78da] PerfScope: RoomDetail.SaveCheckin | RoomId=30004 | BookingId=90001 | BookingType=2 | ElapsedMs=1962 | MemoryDeltaBytes=-1225608 | Gc0Delta=2 | Gc1Delta=1 | Gc2Delta=0 | ThreadId=1
2026-02-27 22:06:19.420 [INFO] [corr=startup-37532ddd513542dcb7fbdfc1a4443d04] PerfScope: MainForm.RefreshRoomBillingSnapshots | ElapsedMs=184 | MemoryDeltaBytes=376560 | Gc0Delta=0 | Gc1Delta=0 | Gc2Delta=0 | ThreadId=1
2026-02-27 22:06:19.541 [INFO] [corr=startup-37532ddd513542dcb7fbdfc1a4443d04] PerfScope: MainForm.CheckRoomMapChanges | ElapsedMs=119 | MemoryDeltaBytes=203240 | Gc0Delta=0 | Gc1Delta=0 | Gc2Delta=0 | ThreadId=1
2026-02-27 22:06:19.541 [INFO] [corr=startup-37532ddd513542dcb7fbdfc1a4443d04] PerfScope: MainForm.LoadRoomTiles | RoomCount=11 | FloorCount=3 | ElapsedMs=1147 | MemoryDeltaBytes=-1307884 | Gc0Delta=2 | Gc1Delta=1 | Gc2Delta=0 | ThreadId=1
2026-02-27 22:06:24.937 [INFO] [corr=startup-37532ddd513542dcb7fbdfc1a4443d04] PerfScope: RoomDetail.Load | RoomId=7 | ElapsedMs=1120 | MemoryDeltaBytes=-3390344 | Gc0Delta=3 | Gc1Delta=2 | Gc2Delta=0 | ThreadId=1
2026-02-27 22:06:31.897 [INFO] [corr=608541f6ac9d471f82c863584f606271] PerfScope: OvernightCheckout.Load | RoomId=30002 | BookingId=150002 | ElapsedMs=1044 | MemoryDeltaBytes=1489736 | Gc0Delta=0 | Gc1Delta=0 | Gc2Delta=0 | ThreadId=1
2026-02-27 22:06:51.003 [INFO] [corr=1c6673aea57e4583bf83963e5a64c38e] PerfScope: OvernightCheckout.Pay | BookingId=150002 | ElapsedMs=1615 | MemoryDeltaBytes=122696 | Gc0Delta=0 | Gc1Delta=0 | Gc2Delta=0 | ThreadId=1
2026-02-27 22:06:51.003 [ERROR] [corr=1c6673aea57e4583bf83963e5a64c38e] Infrastructure failure at UI boundary. | Operation=OvernightCheckout.Pay
HotelManagement.Services.InfrastructureException: Lỗi cơ sở dữ liệu khi xử lý checkout. ---> MySql.Data.MySqlClient.MySqlException: Field 'LaDiaBanCu' doesn't have a default value
   at MySql.Data.MySqlClient.MySqlStream.ReadPacket()
   at MySql.Data.MySqlClient.NativeDriver.GetResult(Int32& affectedRow, Int64& insertedId)
   at MySql.Data.MySqlClient.Driver.GetResult(Int32 statementId, Int32& affectedRows, Int64& insertedId)
   at MySql.Data.MySqlClient.Driver.NextResult(Int32 statementId, Boolean force)
   at MySql.Data.MySqlClient.MySqlDataReader.NextResult()
   at MySql.Data.MySqlClient.MySqlCommand.ExecuteReader(CommandBehavior behavior)
   at MySql.Data.MySqlClient.MySqlCommand.ExecuteNonQuery()
   at HotelManagement.Services.CheckoutService.UpdateStayInfoRates(MySqlConnection conn, MySqlTransaction tx, Int32 bookingId, Decimal nightlyRate, Int32 nightCount, String actor, DateTime nowUtc) in E:\Project\Hotel-Management\Hotel Management\Services\CheckoutService.cs:line 434
   at HotelManagement.Services.CheckoutService.<>c__DisplayClass9_0.<PayOvernight>b__0(MySqlConnection conn, MySqlTransaction tx, String actor, DateTime nowUtc) in E:\Project\Hotel-Management\Hotel Management\Services\CheckoutService.cs:line 200
   at HotelManagement.Services.CheckoutService.ExecuteInTransaction(String operation, Int32 bookingId, Int32 roomId, Func`5 work) in E:\Project\Hotel-Management\Hotel Management\Services\CheckoutService.cs:line 248
   --- End of inner exception stack trace ---
   at HotelManagement.Services.CheckoutService.ExecuteInTransaction(String operation, Int32 bookingId, Int32 roomId, Func`5 work) in E:\Project\Hotel-Management\Hotel Management\Services\CheckoutService.cs:line 284
   at HotelManagement.Services.CheckoutService.PayOvernight(PayOvernightRequest request) in E:\Project\Hotel-Management\Hotel Management\Services\CheckoutService.cs:line 191
   at HotelManagement.Forms.OvernightCheckoutForm.<>c__DisplayClass89_0.<BtnPay_Click>b__1() in E:\Project\Hotel-Management\Hotel Management\Forms\OvernightCheckoutForm.cs:line 1063
   at System.Threading.Tasks.Task`1.InnerInvoke()
   at System.Threading.Tasks.Task.Execute()
--- End of stack trace from previous location where exception was thrown ---
   at System.Runtime.CompilerServices.TaskAwaiter.ThrowForNonSuccess(Task task)
   at System.Runtime.CompilerServices.TaskAwaiter.HandleNonSuccessAndDebuggerNotification(Task task)
   at System.Runtime.CompilerServices.ConfiguredTaskAwaitable`1.ConfiguredTaskAwaiter.GetResult()
   at HotelManagement.Forms.OvernightCheckoutForm.<<BtnPay_Click>b__89_0>d.MoveNext() in E:\Project\Hotel-Management\Hotel Management\Forms\OvernightCheckoutForm.cs:line 1063
--- End of stack trace from previous location where exception was thrown ---
   at System.Runtime.CompilerServices.TaskAwaiter.ThrowForNonSuccess(Task task)
   at System.Runtime.CompilerServices.TaskAwaiter.HandleNonSuccessAndDebuggerNotification(Task task)
   at System.Runtime.CompilerServices.ConfiguredTaskAwaitable.ConfiguredTaskAwaiter.GetResult()
   at HotelManagement.Services.UiExceptionHandler.<RunAsync>d__1.MoveNext() in E:\Project\Hotel-Management\Hotel Management\Services\UiExceptionHandler.cs:line 72
2026-02-27 22:07:05.049 [INFO] [corr=startup-37532ddd513542dcb7fbdfc1a4443d04] PerfScope: MainForm.RefreshRoomBillingSnapshots | ElapsedMs=149 | MemoryDeltaBytes=187700 | Gc0Delta=0 | Gc1Delta=0 | Gc2Delta=0 | ThreadId=1
2026-02-27 22:07:07.029 [INFO] [corr=ea5637287aea47379f833ef19237bde4] PerfScope: HourlyCheckout.Load | RoomId=30001 | BookingId=150001 | ElapsedMs=619 | MemoryDeltaBytes=2342472 | Gc0Delta=0 | Gc1Delta=0 | Gc2Delta=0 | ThreadId=1
2026-02-27 22:09:16.854 [INFO] [corr=startup-37532ddd513542dcb7fbdfc1a4443d04] PerfScope: Program.Main.Bootstrap | ElapsedMs=281159 | MemoryDeltaBytes=13020132 | Gc0Delta=27 | Gc1Delta=16 | Gc2Delta=3 | ThreadId=1
2026-02-27 22:09:16.854 [INFO] [corr=-] PerfScope: Program.Main.TotalStartup | ElapsedMs=281165 | MemoryDeltaBytes=13044708 | Gc0Delta=27 | Gc1Delta=16 | Gc2Delta=3 | ThreadId=1
