2026-02-24 23:49:39.902 [INFO] [corr=startup-4b615a993e3e4fae8a275312a6e91dcd] PerfScope: Program.Main.DatabaseInitialize | ElapsedMs=9971 | MemoryDeltaBytes=3877820 | Gc0Delta=4 | Gc1Delta=3 | Gc2Delta=1 | ThreadId=1
2026-02-24 23:49:45.571 [INFO] [corr=startup-4b615a993e3e4fae8a275312a6e91dcd] PerfScope: Program.EnsureStatisticsSchema | ElapsedMs=5668 | MemoryDeltaBytes=712704 | Gc0Delta=0 | Gc1Delta=0 | Gc2Delta=0 | ThreadId=1
2026-02-24 23:49:45.971 [INFO] [corr=startup-4b615a993e3e4fae8a275312a6e91dcd] PerfScope: Program.EnsurePerformanceIndexes | ElapsedMs=408 | MemoryDeltaBytes=49152 | Gc0Delta=0 | Gc1Delta=0 | Gc2Delta=0 | ThreadId=1
2026-02-24 23:49:46.616 [INFO] [corr=startup-4b615a993e3e4fae8a275312a6e91dcd] PerfScope: MainForm.Load | ElapsedMs=22 | MemoryDeltaBytes=129128 | Gc0Delta=0 | Gc1Delta=0 | Gc2Delta=0 | ThreadId=1
2026-02-24 23:49:48.019 [INFO] [corr=startup-4b615a993e3e4fae8a275312a6e91dcd] PerfScope: MainForm.RefreshRoomBillingSnapshots | ElapsedMs=391 | MemoryDeltaBytes=476612 | Gc0Delta=0 | Gc1Delta=0 | Gc2Delta=0 | ThreadId=1
2026-02-24 23:49:48.186 [INFO] [corr=startup-4b615a993e3e4fae8a275312a6e91dcd] PerfScope: MainForm.CheckRoomMapChanges | ElapsedMs=178 | MemoryDeltaBytes=163440 | Gc0Delta=0 | Gc1Delta=0 | Gc2Delta=0 | ThreadId=1
2026-02-24 23:49:48.186 [INFO] [corr=startup-4b615a993e3e4fae8a275312a6e91dcd] PerfScope: MainForm.LoadRoomTiles | RoomCount=11 | FloorCount=3 | ElapsedMs=1586 | MemoryDeltaBytes=1158824 | Gc0Delta=0 | Gc1Delta=0 | Gc2Delta=0 | ThreadId=1
2026-02-24 23:49:49.284 [INFO] [corr=startup-4b615a993e3e4fae8a275312a6e91dcd] PerfScope: MainForm.CheckRoomMapChanges | ElapsedMs=177 | MemoryDeltaBytes=40884 | Gc0Delta=0 | Gc1Delta=0 | Gc2Delta=0 | ThreadId=1
2026-02-24 23:49:51.782 [INFO] [corr=startup-4b615a993e3e4fae8a275312a6e91dcd] PerfScope: MainForm.CheckRoomMapChanges | ElapsedMs=175 | MemoryDeltaBytes=57128 | Gc0Delta=0 | Gc1Delta=0 | Gc2Delta=0 | ThreadId=1
2026-02-24 23:49:54.280 [INFO] [corr=startup-4b615a993e3e4fae8a275312a6e91dcd] PerfScope: MainForm.CheckRoomMapChanges | ElapsedMs=175 | MemoryDeltaBytes=56400 | Gc0Delta=0 | Gc1Delta=0 | Gc2Delta=0 | ThreadId=1
2026-02-24 23:49:56.778 [INFO] [corr=startup-4b615a993e3e4fae8a275312a6e91dcd] PerfScope: MainForm.CheckRoomMapChanges | ElapsedMs=181 | MemoryDeltaBytes=64648 | Gc0Delta=0 | Gc1Delta=0 | Gc2Delta=0 | ThreadId=1
2026-02-24 23:49:59.275 [INFO] [corr=startup-4b615a993e3e4fae8a275312a6e91dcd] PerfScope: MainForm.CheckRoomMapChanges | ElapsedMs=173 | MemoryDeltaBytes=48008 | Gc0Delta=0 | Gc1Delta=0 | Gc2Delta=0 | ThreadId=1
2026-02-24 23:50:01.796 [INFO] [corr=startup-4b615a993e3e4fae8a275312a6e91dcd] PerfScope: MainForm.CheckRoomMapChanges | ElapsedMs=172 | MemoryDeltaBytes=57128 | Gc0Delta=0 | Gc1Delta=0 | Gc2Delta=0 | ThreadId=1
2026-02-24 23:50:04.318 [INFO] [corr=startup-4b615a993e3e4fae8a275312a6e91dcd] PerfScope: MainForm.CheckRoomMapChanges | ElapsedMs=181 | MemoryDeltaBytes=40944 | Gc0Delta=0 | Gc1Delta=0 | Gc2Delta=0 | ThreadId=1
2026-02-24 23:50:06.824 [INFO] [corr=startup-4b615a993e3e4fae8a275312a6e91dcd] PerfScope: MainForm.CheckRoomMapChanges | ElapsedMs=173 | MemoryDeltaBytes=57220 | Gc0Delta=0 | Gc1Delta=0 | Gc2Delta=0 | ThreadId=1
2026-02-24 23:50:08.833 [INFO] [corr=startup-4b615a993e3e4fae8a275312a6e91dcd] PerfScope: MainForm.RefreshRoomBillingSnapshots | ElapsedMs=197 | MemoryDeltaBytes=102460 | Gc0Delta=0 | Gc1Delta=0 | Gc2Delta=0 | ThreadId=1
2026-02-24 23:50:09.327 [INFO] [corr=startup-4b615a993e3e4fae8a275312a6e91dcd] PerfScope: MainForm.CheckRoomMapChanges | ElapsedMs=178 | MemoryDeltaBytes=48008 | Gc0Delta=0 | Gc1Delta=0 | Gc2Delta=0 | ThreadId=1
2026-02-24 23:50:11.819 [INFO] [corr=startup-4b615a993e3e4fae8a275312a6e91dcd] PerfScope: MainForm.CheckRoomMapChanges | ElapsedMs=171 | MemoryDeltaBytes=64140 | Gc0Delta=0 | Gc1Delta=0 | Gc2Delta=0 | ThreadId=1
2026-02-24 23:50:14.312 [INFO] [corr=startup-4b615a993e3e4fae8a275312a6e91dcd] PerfScope: MainForm.CheckRoomMapChanges | ElapsedMs=173 | MemoryDeltaBytes=40912 | Gc0Delta=0 | Gc1Delta=0 | Gc2Delta=0 | ThreadId=1
2026-02-24 23:50:16.823 [INFO] [corr=startup-4b615a993e3e4fae8a275312a6e91dcd] PerfScope: MainForm.CheckRoomMapChanges | ElapsedMs=179 | MemoryDeltaBytes=65432 | Gc0Delta=0 | Gc1Delta=0 | Gc2Delta=0 | ThreadId=1
2026-02-24 23:50:19.402 [INFO] [corr=startup-4b615a993e3e4fae8a275312a6e91dcd] PerfScope: RoomDetail.Load | RoomId=30004 | ElapsedMs=1326 | MemoryDeltaBytes=3091160 | Gc0Delta=3 | Gc1Delta=3 | Gc2Delta=0 | ThreadId=1
2026-02-24 23:50:24.302 [INFO] [corr=startup-4b615a993e3e4fae8a275312a6e91dcd] PerfScope: MainForm.CheckRoomMapChanges | ElapsedMs=166 | MemoryDeltaBytes=89488 | Gc0Delta=0 | Gc1Delta=0 | Gc2Delta=0 | ThreadId=1
2026-02-24 23:50:27.117 [INFO] [corr=b5e72fff0abe4ef3ac7cd73536ef69fb] PerfScope: HourlyCheckout.LoadExtras | BookingId=120001 | SoftDrinkQty=0 | WaterQty=0 | ElapsedMs=174 | MemoryDeltaBytes=32768 | Gc0Delta=0 | Gc1Delta=0 | Gc2Delta=0 | ThreadId=1
2026-02-24 23:50:27.329 [INFO] [corr=b5e72fff0abe4ef3ac7cd73536ef69fb] PerfScope: HourlyCheckout.Load | RoomId=6 | BookingId=120001 | ElapsedMs=1615 | MemoryDeltaBytes=663600 | Gc0Delta=0 | Gc1Delta=0 | Gc2Delta=0 | ThreadId=1
2026-02-24 23:50:29.198 [INFO] [corr=startup-4b615a993e3e4fae8a275312a6e91dcd] PerfScope: MainForm.RefreshRoomBillingSnapshots | ElapsedMs=192 | MemoryDeltaBytes=204352 | Gc0Delta=0 | Gc1Delta=0 | Gc2Delta=0 | ThreadId=1
2026-02-24 23:50:29.321 [INFO] [corr=startup-4b615a993e3e4fae8a275312a6e91dcd] PerfScope: MainForm.CheckRoomMapChanges | ElapsedMs=174 | MemoryDeltaBytes=95196 | Gc0Delta=0 | Gc1Delta=0 | Gc2Delta=0 | ThreadId=1
2026-02-24 23:50:29.859 [INFO] [corr=startup-4b615a993e3e4fae8a275312a6e91dcd] PerfScope: MainForm.CheckRoomMapChanges | ElapsedMs=178 | MemoryDeltaBytes=130728 | Gc0Delta=0 | Gc1Delta=0 | Gc2Delta=0 | ThreadId=1
2026-02-24 23:50:29.860 [INFO] [corr=startup-4b615a993e3e4fae8a275312a6e91dcd] PerfScope: MainForm.LoadRoomTiles | RoomCount=11 | FloorCount=3 | ElapsedMs=538 | MemoryDeltaBytes=602500 | Gc0Delta=0 | Gc1Delta=0 | Gc2Delta=0 | ThreadId=1
2026-02-24 23:50:34.373 [INFO] [corr=startup-4b615a993e3e4fae8a275312a6e91dcd] PerfScope: MainForm.LoadExplorerData | FromDate=2026-01-29 | ToDate=2026-02-22 | Page=1 | PageSize=20 | SortBy=checkin_desc | DbRows=20 | TotalRows=31 | ElapsedMs=283 | MemoryDeltaBytes=503152 | Gc0Delta=0 | Gc1Delta=0 | Gc2Delta=0 | ThreadId=1
2026-02-24 23:50:34.419 [INFO] [corr=startup-4b615a993e3e4fae8a275312a6e91dcd] PerfScope: MainForm.LoadAuditLog | FromDate=2026-01-29 | ToDate=2026-02-22 | Page=1 | PageRows=50 | TotalRows=74 | ElapsedMs=327 | MemoryDeltaBytes=715876 | Gc0Delta=0 | Gc1Delta=0 | Gc2Delta=0 | ThreadId=1
2026-02-24 23:50:34.825 [INFO] [corr=startup-4b615a993e3e4fae8a275312a6e91dcd] PerfScope: MainForm.LoadBookingStats | FromDate=2026-01-29 | ToDate=2026-02-22 | BookingType=-1 | ForceReload=True | BookingRows=31 | ElapsedMs=740 | MemoryDeltaBytes=-2534596 | Gc0Delta=1 | Gc1Delta=0 | Gc2Delta=0 | ThreadId=1
2026-02-24 23:50:34.912 [INFO] [corr=startup-4b615a993e3e4fae8a275312a6e91dcd] PerfScope: MainForm.LoadDataAlerts | FromDate=2026-01-29 | ToDate=2026-02-22 | AlertRows=8 | ElapsedMs=490 | MemoryDeltaBytes=-3258760 | Gc0Delta=1 | Gc1Delta=0 | Gc2Delta=0 | ThreadId=1
2026-02-24 23:50:35.126 [INFO] [corr=startup-4b615a993e3e4fae8a275312a6e91dcd] PerfScope: MainForm.LoadKpiDashboard | FromDate=2026-01-29 | ToDate=2026-02-22 | BookingType=-1 | RevenueTrendRows=13 | TopChannelRows=1 | ElapsedMs=303 | MemoryDeltaBytes=318428 | Gc0Delta=0 | Gc1Delta=0 | Gc2Delta=0 | ThreadId=1
2026-02-24 23:50:35.391 [INFO] [corr=startup-4b615a993e3e4fae8a275312a6e91dcd] PerfScope: MainForm.CheckBookingStatisticsChanges | ElapsedMs=1246 | MemoryDeltaBytes=-2157936 | Gc0Delta=1 | Gc1Delta=0 | Gc2Delta=0 | ThreadId=1
2026-02-24 23:50:36.814 [INFO] [corr=startup-4b615a993e3e4fae8a275312a6e91dcd] PerfScope: MainForm.CheckRoomMapChanges | ElapsedMs=173 | MemoryDeltaBytes=64376 | Gc0Delta=0 | Gc1Delta=0 | Gc2Delta=0 | ThreadId=1
2026-02-24 23:50:39.318 [INFO] [corr=startup-4b615a993e3e4fae8a275312a6e91dcd] PerfScope: MainForm.CheckRoomMapChanges | ElapsedMs=176 | MemoryDeltaBytes=73716 | Gc0Delta=0 | Gc1Delta=0 | Gc2Delta=0 | ThreadId=1
2026-02-24 23:50:42.535 [INFO] [corr=66d2da57eeeb48bbb0df56d8a7710658] PerfScope: OvernightCheckout.LoadExtras | BookingId=30003 | SoftDrinkQty=0 | WaterQty=0 | ElapsedMs=180 | MemoryDeltaBytes=32768 | Gc0Delta=0 | Gc1Delta=0 | Gc2Delta=0 | ThreadId=1
2026-02-24 23:50:42.603 [INFO] [corr=66d2da57eeeb48bbb0df56d8a7710658] PerfScope: OvernightCheckout.Load | RoomId=30003 | BookingId=30003 | ElapsedMs=1200 | MemoryDeltaBytes=557056 | Gc0Delta=0 | Gc1Delta=0 | Gc2Delta=0 | ThreadId=1
2026-02-24 23:50:46.309 [INFO] [corr=startup-4b615a993e3e4fae8a275312a6e91dcd] PerfScope: Program.Main.Bootstrap | ElapsedMs=76491 | MemoryDeltaBytes=14722528 | Gc0Delta=13 | Gc1Delta=10 | Gc2Delta=2 | ThreadId=1
2026-02-24 23:50:46.309 [INFO] [corr=-] PerfScope: Program.Main.TotalStartup | ElapsedMs=76496 | MemoryDeltaBytes=14747104 | Gc0Delta=13 | Gc1Delta=10 | Gc2Delta=2 | ThreadId=1
2026-02-24 23:58:19.240 [INFO] [corr=startup-503e9cc1857d49dda8ce8e0daa3a68fa] PerfScope: Program.Main.DatabaseInitialize | ElapsedMs=10398 | MemoryDeltaBytes=3853956 | Gc0Delta=4 | Gc1Delta=3 | Gc2Delta=1 | ThreadId=1
2026-02-24 23:58:24.699 [INFO] [corr=startup-503e9cc1857d49dda8ce8e0daa3a68fa] PerfScope: Program.EnsureStatisticsSchema | ElapsedMs=5456 | MemoryDeltaBytes=712704 | Gc0Delta=0 | Gc1Delta=0 | Gc2Delta=0 | ThreadId=1
2026-02-24 23:58:25.099 [INFO] [corr=startup-503e9cc1857d49dda8ce8e0daa3a68fa] PerfScope: Program.EnsurePerformanceIndexes | ElapsedMs=397 | MemoryDeltaBytes=55716 | Gc0Delta=0 | Gc1Delta=0 | Gc2Delta=0 | ThreadId=1
2026-02-24 23:58:25.376 [INFO] [corr=startup-503e9cc1857d49dda8ce8e0daa3a68fa] PerfScope: MainForm.Load | ElapsedMs=22 | MemoryDeltaBytes=129128 | Gc0Delta=0 | Gc1Delta=0 | Gc2Delta=0 | ThreadId=1
2026-02-24 23:58:26.593 [INFO] [corr=startup-503e9cc1857d49dda8ce8e0daa3a68fa] PerfScope: MainForm.RefreshRoomBillingSnapshots | ElapsedMs=205 | MemoryDeltaBytes=114608 | Gc0Delta=0 | Gc1Delta=0 | Gc2Delta=0 | ThreadId=1
2026-02-24 23:58:26.935 [INFO] [corr=startup-503e9cc1857d49dda8ce8e0daa3a68fa] PerfScope: MainForm.CheckRoomMapChanges | ElapsedMs=173 | MemoryDeltaBytes=146128 | Gc0Delta=0 | Gc1Delta=0 | Gc2Delta=0 | ThreadId=1
2026-02-24 23:58:26.937 [INFO] [corr=startup-503e9cc1857d49dda8ce8e0daa3a68fa] PerfScope: MainForm.LoadRoomTiles | RoomCount=11 | FloorCount=3 | ElapsedMs=1565 | MemoryDeltaBytes=1123648 | Gc0Delta=0 | Gc1Delta=0 | Gc2Delta=0 | ThreadId=1
2026-02-24 23:58:28.062 [INFO] [corr=startup-503e9cc1857d49dda8ce8e0daa3a68fa] PerfScope: MainForm.CheckRoomMapChanges | ElapsedMs=182 | MemoryDeltaBytes=40924 | Gc0Delta=0 | Gc1Delta=0 | Gc2Delta=0 | ThreadId=1
2026-02-24 23:58:30.559 [INFO] [corr=startup-503e9cc1857d49dda8ce8e0daa3a68fa] PerfScope: MainForm.CheckRoomMapChanges | ElapsedMs=188 | MemoryDeltaBytes=56812 | Gc0Delta=0 | Gc1Delta=0 | Gc2Delta=0 | ThreadId=1
2026-02-24 23:58:33.707 [INFO] [corr=d2aba99d0c0b4a73b82d427201f1f112] PerfScope: OvernightCheckout.LoadExtras | BookingId=30003 | SoftDrinkQty=0 | WaterQty=0 | ElapsedMs=181 | MemoryDeltaBytes=32768 | Gc0Delta=0 | Gc1Delta=0 | Gc2Delta=0 | ThreadId=1
2026-02-24 23:58:33.756 [INFO] [corr=d2aba99d0c0b4a73b82d427201f1f112] PerfScope: OvernightCheckout.Load | RoomId=30003 | BookingId=30003 | ElapsedMs=1294 | MemoryDeltaBytes=696384 | Gc0Delta=0 | Gc1Delta=0 | Gc2Delta=0 | ThreadId=1
2026-02-24 23:58:37.676 [INFO] [corr=startup-503e9cc1857d49dda8ce8e0daa3a68fa] PerfScope: MainForm.LoadAuditLog | FromDate=2026-01-29 | ToDate=2026-02-22 | Page=1 | PageRows=50 | TotalRows=74 | ElapsedMs=248 | MemoryDeltaBytes=412872 | Gc0Delta=0 | Gc1Delta=0 | Gc2Delta=0 | ThreadId=1
2026-02-24 23:58:37.752 [INFO] [corr=startup-503e9cc1857d49dda8ce8e0daa3a68fa] PerfScope: MainForm.LoadExplorerData | FromDate=2026-01-29 | ToDate=2026-02-22 | Page=1 | PageSize=20 | SortBy=checkin_desc | DbRows=20 | TotalRows=31 | ElapsedMs=333 | MemoryDeltaBytes=632136 | Gc0Delta=0 | Gc1Delta=0 | Gc2Delta=0 | ThreadId=1
2026-02-24 23:58:38.079 [INFO] [corr=startup-503e9cc1857d49dda8ce8e0daa3a68fa] PerfScope: MainForm.LoadBookingStats | FromDate=2026-01-29 | ToDate=2026-02-22 | BookingType=-1 | ForceReload=True | BookingRows=31 | ElapsedMs=656 | MemoryDeltaBytes=1305480 | Gc0Delta=0 | Gc1Delta=0 | Gc2Delta=0 | ThreadId=1
2026-02-24 23:58:42.191 [INFO] [corr=startup-503e9cc1857d49dda8ce8e0daa3a68fa] PerfScope: MainForm.CheckBookingStatisticsChanges | ElapsedMs=4302 | MemoryDeltaBytes=2050224 | Gc0Delta=0 | Gc1Delta=0 | Gc2Delta=0 | ThreadId=1
2026-02-24 23:58:42.191 [INFO] [corr=startup-503e9cc1857d49dda8ce8e0daa3a68fa] PerfScope: MainForm.LoadDataAlerts | FromDate=2026-01-29 | ToDate=2026-02-22 | AlertRows=8 | ElapsedMs=4432 | MemoryDeltaBytes=2277204 | Gc0Delta=0 | Gc1Delta=0 | Gc2Delta=0 | ThreadId=1
2026-02-24 23:58:42.193 [INFO] [corr=startup-503e9cc1857d49dda8ce8e0daa3a68fa] PerfScope: MainForm.LoadKpiDashboard | FromDate=2026-01-29 | ToDate=2026-02-22 | BookingType=-1 | RevenueTrendRows=13 | TopChannelRows=1 | ElapsedMs=4114 | MemoryDeltaBytes=1653012 | Gc0Delta=0 | Gc1Delta=0 | Gc2Delta=0 | ThreadId=1
2026-02-24 23:58:48.347 [INFO] [corr=startup-503e9cc1857d49dda8ce8e0daa3a68fa] PerfScope: MainForm.LoadExplorerData | FromDate=2026-01-29 | ToDate=2026-02-22 | Page=1 | PageSize=20 | SortBy=checkin_desc | DbRows=20 | TotalRows=31 | ElapsedMs=1477 | MemoryDeltaBytes=898688 | Gc0Delta=0 | Gc1Delta=0 | Gc2Delta=0 | ThreadId=1
2026-02-24 23:58:48.348 [INFO] [corr=startup-503e9cc1857d49dda8ce8e0daa3a68fa] PerfScope: MainForm.LoadBookingStats | FromDate=2026-01-29 | ToDate=2026-02-22 | BookingType=-1 | ForceReload=False | SkippedByFingerprint=True | ElapsedMs=1478 | MemoryDeltaBytes=980564 | Gc0Delta=0 | Gc1Delta=0 | Gc2Delta=0 | ThreadId=1
2026-02-24 23:58:48.646 [INFO] [corr=startup-503e9cc1857d49dda8ce8e0daa3a68fa] PerfScope: MainForm.LoadAuditLog | FromDate=2026-01-29 | ToDate=2026-02-22 | Page=1 | PageRows=50 | TotalRows=74 | ElapsedMs=1776 | MemoryDeltaBytes=-3014500 | Gc0Delta=1 | Gc1Delta=1 | Gc2Delta=0 | ThreadId=1
2026-02-24 23:58:50.857 [INFO] [corr=startup-503e9cc1857d49dda8ce8e0daa3a68fa] PerfScope: MainForm.LoadDataAlerts | FromDate=2026-01-29 | ToDate=2026-02-22 | AlertRows=8 | ElapsedMs=2216 | MemoryDeltaBytes=376620 | Gc0Delta=0 | Gc1Delta=0 | Gc2Delta=0 | ThreadId=1
2026-02-24 23:59:33.335 [INFO] [corr=startup-503e9cc1857d49dda8ce8e0daa3a68fa] PerfScope: MainForm.CheckRoomMapChanges | ElapsedMs=400 | MemoryDeltaBytes=56796 | Gc0Delta=0 | Gc1Delta=0 | Gc2Delta=0 | ThreadId=1
2026-02-24 23:59:37.944 [INFO] [corr=5c8e0cf3788d4adab51985b31978d6d1] PerfScope: OvernightCheckout.LoadExtras | BookingId=30003 | SoftDrinkQty=0 | WaterQty=0 | ElapsedMs=177 | MemoryDeltaBytes=32768 | Gc0Delta=0 | Gc1Delta=0 | Gc2Delta=0 | ThreadId=1
2026-02-24 23:59:37.991 [INFO] [corr=5c8e0cf3788d4adab51985b31978d6d1] PerfScope: OvernightCheckout.Load | RoomId=30003 | BookingId=30003 | ElapsedMs=2690 | MemoryDeltaBytes=614232 | Gc0Delta=0 | Gc1Delta=0 | Gc2Delta=0 | ThreadId=1
2026-02-24 23:59:38.150 [INFO] [corr=startup-503e9cc1857d49dda8ce8e0daa3a68fa] PerfScope: MainForm.RefreshRoomBillingSnapshots | ElapsedMs=5414 | MemoryDeltaBytes=2327644 | Gc0Delta=0 | Gc1Delta=0 | Gc2Delta=0 | ThreadId=1
