2026-02-25 00:05:22.565 [INFO] [corr=startup-503e9cc1857d49dda8ce8e0daa3a68fa] PerfScope: Program.Main.Bootstrap | ElapsedMs=433829 | MemoryDeltaBytes=11121792 | Gc0Delta=6 | Gc1Delta=5 | Gc2Delta=1 | ThreadId=1
2026-02-25 00:05:22.566 [INFO] [corr=-] PerfScope: Program.Main.TotalStartup | ElapsedMs=433835 | MemoryDeltaBytes=11146368 | Gc0Delta=6 | Gc1Delta=5 | Gc2Delta=1 | ThreadId=1
2026-02-25 00:12:50.464 [INFO] [corr=startup-275d322859eb465b97681b8e48b80b66] PerfScope: Program.Main.DatabaseInitialize | ElapsedMs=10070 | MemoryDeltaBytes=3869788 | Gc0Delta=4 | Gc1Delta=3 | Gc2Delta=1 | ThreadId=1
2026-02-25 00:12:55.940 [INFO] [corr=startup-275d322859eb465b97681b8e48b80b66] PerfScope: Program.EnsureStatisticsSchema | ElapsedMs=5477 | MemoryDeltaBytes=712704 | Gc0Delta=0 | Gc1Delta=0 | Gc2Delta=0 | ThreadId=1
2026-02-25 00:12:56.354 [INFO] [corr=startup-275d322859eb465b97681b8e48b80b66] PerfScope: Program.EnsurePerformanceIndexes | ElapsedMs=401 | MemoryDeltaBytes=57344 | Gc0Delta=0 | Gc1Delta=0 | Gc2Delta=0 | ThreadId=1
2026-02-25 00:12:56.641 [INFO] [corr=startup-275d322859eb465b97681b8e48b80b66] PerfScope: MainForm.Load | ElapsedMs=25 | MemoryDeltaBytes=129016 | Gc0Delta=0 | Gc1Delta=0 | Gc2Delta=0 | ThreadId=1
2026-02-25 00:12:57.972 [INFO] [corr=startup-275d322859eb465b97681b8e48b80b66] PerfScope: MainForm.RefreshRoomBillingSnapshots | ElapsedMs=330 | MemoryDeltaBytes=397084 | Gc0Delta=0 | Gc1Delta=0 | Gc2Delta=0 | ThreadId=1
2026-02-25 00:12:58.139 [INFO] [corr=startup-275d322859eb465b97681b8e48b80b66] PerfScope: MainForm.CheckRoomMapChanges | ElapsedMs=173 | MemoryDeltaBytes=168668 | Gc0Delta=0 | Gc1Delta=0 | Gc2Delta=0 | ThreadId=1
2026-02-25 00:12:58.139 [INFO] [corr=startup-275d322859eb465b97681b8e48b80b66] PerfScope: MainForm.LoadRoomTiles | RoomCount=11 | FloorCount=3 | ElapsedMs=1511 | MemoryDeltaBytes=7881120 | Gc0Delta=2 | Gc1Delta=2 | Gc2Delta=0 | ThreadId=1
2026-02-25 00:12:59.337 [INFO] [corr=startup-275d322859eb465b97681b8e48b80b66] PerfScope: MainForm.CheckRoomMapChanges | ElapsedMs=179 | MemoryDeltaBytes=40932 | Gc0Delta=0 | Gc1Delta=0 | Gc2Delta=0 | ThreadId=1
2026-02-25 00:13:01.835 [INFO] [corr=startup-275d322859eb465b97681b8e48b80b66] PerfScope: MainForm.CheckRoomMapChanges | ElapsedMs=168 | MemoryDeltaBytes=64440 | Gc0Delta=0 | Gc1Delta=0 | Gc2Delta=0 | ThreadId=1
2026-02-25 00:13:04.365 [INFO] [corr=startup-275d322859eb465b97681b8e48b80b66] PerfScope: MainForm.CheckRoomMapChanges | ElapsedMs=181 | MemoryDeltaBytes=49152 | Gc0Delta=0 | Gc1Delta=0 | Gc2Delta=0 | ThreadId=1
2026-02-25 00:13:06.873 [INFO] [corr=startup-275d322859eb465b97681b8e48b80b66] PerfScope: MainForm.CheckRoomMapChanges | ElapsedMs=174 | MemoryDeltaBytes=57004 | Gc0Delta=0 | Gc1Delta=0 | Gc2Delta=0 | ThreadId=1
2026-02-25 00:13:09.366 [INFO] [corr=startup-275d322859eb465b97681b8e48b80b66] PerfScope: MainForm.CheckRoomMapChanges | ElapsedMs=170 | MemoryDeltaBytes=48912 | Gc0Delta=0 | Gc1Delta=0 | Gc2Delta=0 | ThreadId=1
2026-02-25 00:13:11.867 [INFO] [corr=startup-275d322859eb465b97681b8e48b80b66] PerfScope: MainForm.CheckRoomMapChanges | ElapsedMs=173 | MemoryDeltaBytes=65344 | Gc0Delta=0 | Gc1Delta=0 | Gc2Delta=0 | ThreadId=1
2026-02-25 00:13:14.374 [INFO] [corr=startup-275d322859eb465b97681b8e48b80b66] PerfScope: MainForm.CheckRoomMapChanges | ElapsedMs=182 | MemoryDeltaBytes=48984 | Gc0Delta=0 | Gc1Delta=0 | Gc2Delta=0 | ThreadId=1
2026-02-25 00:13:16.851 [INFO] [corr=startup-275d322859eb465b97681b8e48b80b66] PerfScope: MainForm.CheckRoomMapChanges | ElapsedMs=162 | MemoryDeltaBytes=57272 | Gc0Delta=0 | Gc1Delta=0 | Gc2Delta=0 | ThreadId=1
2026-02-25 00:13:18.951 [INFO] [corr=startup-275d322859eb465b97681b8e48b80b66] PerfScope: MainForm.RefreshRoomBillingSnapshots | ElapsedMs=198 | MemoryDeltaBytes=104136 | Gc0Delta=0 | Gc1Delta=0 | Gc2Delta=0 | ThreadId=1
2026-02-25 00:13:19.372 [INFO] [corr=startup-275d322859eb465b97681b8e48b80b66] PerfScope: MainForm.CheckRoomMapChanges | ElapsedMs=186 | MemoryDeltaBytes=40936 | Gc0Delta=0 | Gc1Delta=0 | Gc2Delta=0 | ThreadId=1
2026-02-25 00:13:21.851 [INFO] [corr=startup-275d322859eb465b97681b8e48b80b66] PerfScope: MainForm.CheckRoomMapChanges | ElapsedMs=163 | MemoryDeltaBytes=57296 | Gc0Delta=0 | Gc1Delta=0 | Gc2Delta=0 | ThreadId=1
2026-02-25 00:13:24.388 [INFO] [corr=startup-275d322859eb465b97681b8e48b80b66] PerfScope: MainForm.CheckRoomMapChanges | ElapsedMs=173 | MemoryDeltaBytes=40936 | Gc0Delta=0 | Gc1Delta=0 | Gc2Delta=0 | ThreadId=1
2026-02-25 00:13:26.896 [INFO] [corr=startup-275d322859eb465b97681b8e48b80b66] PerfScope: MainForm.CheckRoomMapChanges | ElapsedMs=173 | MemoryDeltaBytes=63288 | Gc0Delta=0 | Gc1Delta=0 | Gc2Delta=0 | ThreadId=1
2026-02-25 00:13:29.397 [INFO] [corr=startup-275d322859eb465b97681b8e48b80b66] PerfScope: MainForm.CheckRoomMapChanges | ElapsedMs=171 | MemoryDeltaBytes=40916 | Gc0Delta=0 | Gc1Delta=0 | Gc2Delta=0 | ThreadId=1
2026-02-25 00:13:31.900 [INFO] [corr=startup-275d322859eb465b97681b8e48b80b66] PerfScope: MainForm.CheckRoomMapChanges | ElapsedMs=175 | MemoryDeltaBytes=57248 | Gc0Delta=0 | Gc1Delta=0 | Gc2Delta=0 | ThreadId=1
2026-02-25 00:13:34.399 [INFO] [corr=startup-275d322859eb465b97681b8e48b80b66] PerfScope: MainForm.CheckRoomMapChanges | ElapsedMs=177 | MemoryDeltaBytes=48012 | Gc0Delta=0 | Gc1Delta=0 | Gc2Delta=0 | ThreadId=1
2026-02-25 00:13:36.887 [INFO] [corr=startup-275d322859eb465b97681b8e48b80b66] PerfScope: MainForm.CheckRoomMapChanges | ElapsedMs=168 | MemoryDeltaBytes=57248 | Gc0Delta=0 | Gc1Delta=0 | Gc2Delta=0 | ThreadId=1
2026-02-25 00:13:39.387 [INFO] [corr=startup-275d322859eb465b97681b8e48b80b66] PerfScope: MainForm.CheckRoomMapChanges | ElapsedMs=172 | MemoryDeltaBytes=48996 | Gc0Delta=0 | Gc1Delta=0 | Gc2Delta=0 | ThreadId=1
2026-02-25 00:13:40.017 [INFO] [corr=startup-275d322859eb465b97681b8e48b80b66] PerfScope: MainForm.RefreshRoomBillingSnapshots | ElapsedMs=184 | MemoryDeltaBytes=89944 | Gc0Delta=0 | Gc1Delta=0 | Gc2Delta=0 | ThreadId=1
2026-02-25 00:13:41.892 [INFO] [corr=startup-275d322859eb465b97681b8e48b80b66] PerfScope: MainForm.CheckRoomMapChanges | ElapsedMs=162 | MemoryDeltaBytes=65108 | Gc0Delta=0 | Gc1Delta=0 | Gc2Delta=0 | ThreadId=1
2026-02-25 00:13:44.424 [INFO] [corr=startup-275d322859eb465b97681b8e48b80b66] PerfScope: MainForm.CheckRoomMapChanges | ElapsedMs=178 | MemoryDeltaBytes=-7557768 | Gc0Delta=1 | Gc1Delta=1 | Gc2Delta=1 | ThreadId=1
2026-02-25 00:13:46.933 [INFO] [corr=startup-275d322859eb465b97681b8e48b80b66] PerfScope: MainForm.CheckRoomMapChanges | ElapsedMs=172 | MemoryDeltaBytes=72416 | Gc0Delta=0 | Gc1Delta=0 | Gc2Delta=0 | ThreadId=1
2026-02-25 00:13:49.421 [INFO] [corr=startup-275d322859eb465b97681b8e48b80b66] PerfScope: MainForm.CheckRoomMapChanges | ElapsedMs=162 | MemoryDeltaBytes=45160 | Gc0Delta=0 | Gc1Delta=0 | Gc2Delta=0 | ThreadId=1
2026-02-25 00:13:51.955 [INFO] [corr=startup-275d322859eb465b97681b8e48b80b66] PerfScope: MainForm.CheckRoomMapChanges | ElapsedMs=199 | MemoryDeltaBytes=69588 | Gc0Delta=0 | Gc1Delta=0 | Gc2Delta=0 | ThreadId=1
2026-02-25 00:13:54.430 [INFO] [corr=startup-275d322859eb465b97681b8e48b80b66] PerfScope: MainForm.CheckRoomMapChanges | ElapsedMs=176 | MemoryDeltaBytes=45184 | Gc0Delta=0 | Gc1Delta=0 | Gc2Delta=0 | ThreadId=1
2026-02-25 00:13:56.930 [INFO] [corr=startup-275d322859eb465b97681b8e48b80b66] PerfScope: MainForm.CheckRoomMapChanges | ElapsedMs=174 | MemoryDeltaBytes=65060 | Gc0Delta=0 | Gc1Delta=0 | Gc2Delta=0 | ThreadId=1
2026-02-25 00:13:59.426 [INFO] [corr=startup-275d322859eb465b97681b8e48b80b66] PerfScope: MainForm.CheckRoomMapChanges | ElapsedMs=176 | MemoryDeltaBytes=47492 | Gc0Delta=0 | Gc1Delta=0 | Gc2Delta=0 | ThreadId=1
2026-02-25 00:14:01.046 [INFO] [corr=startup-275d322859eb465b97681b8e48b80b66] PerfScope: MainForm.RefreshRoomBillingSnapshots | ElapsedMs=196 | MemoryDeltaBytes=95380 | Gc0Delta=0 | Gc1Delta=0 | Gc2Delta=0 | ThreadId=1
2026-02-25 00:14:01.920 [INFO] [corr=startup-275d322859eb465b97681b8e48b80b66] PerfScope: MainForm.CheckRoomMapChanges | ElapsedMs=168 | MemoryDeltaBytes=65792 | Gc0Delta=0 | Gc1Delta=0 | Gc2Delta=0 | ThreadId=1
2026-02-25 00:14:04.443 [INFO] [corr=startup-275d322859eb465b97681b8e48b80b66] PerfScope: MainForm.CheckRoomMapChanges | ElapsedMs=182 | MemoryDeltaBytes=-977172 | Gc0Delta=1 | Gc1Delta=1 | Gc2Delta=0 | ThreadId=1
2026-02-25 00:14:06.931 [INFO] [corr=startup-275d322859eb465b97681b8e48b80b66] PerfScope: MainForm.CheckRoomMapChanges | ElapsedMs=173 | MemoryDeltaBytes=73712 | Gc0Delta=0 | Gc1Delta=0 | Gc2Delta=0 | ThreadId=1
2026-02-25 00:14:09.405 [INFO] [corr=startup-275d322859eb465b97681b8e48b80b66] PerfScope: MainForm.CheckRoomMapChanges | ElapsedMs=161 | MemoryDeltaBytes=49152 | Gc0Delta=0 | Gc1Delta=0 | Gc2Delta=0 | ThreadId=1
2026-02-25 00:14:11.923 [INFO] [corr=startup-275d322859eb465b97681b8e48b80b66] PerfScope: MainForm.CheckRoomMapChanges | ElapsedMs=171 | MemoryDeltaBytes=73704 | Gc0Delta=0 | Gc1Delta=0 | Gc2Delta=0 | ThreadId=1
2026-02-25 00:14:14.427 [INFO] [corr=startup-275d322859eb465b97681b8e48b80b66] PerfScope: MainForm.CheckRoomMapChanges | ElapsedMs=178 | MemoryDeltaBytes=49152 | Gc0Delta=0 | Gc1Delta=0 | Gc2Delta=0 | ThreadId=1
2026-02-25 00:14:16.917 [INFO] [corr=startup-275d322859eb465b97681b8e48b80b66] PerfScope: MainForm.CheckRoomMapChanges | ElapsedMs=168 | MemoryDeltaBytes=40936 | Gc0Delta=0 | Gc1Delta=0 | Gc2Delta=0 | ThreadId=1
2026-02-25 00:14:19.436 [INFO] [corr=startup-275d322859eb465b97681b8e48b80b66] PerfScope: MainForm.CheckRoomMapChanges | ElapsedMs=172 | MemoryDeltaBytes=40940 | Gc0Delta=0 | Gc1Delta=0 | Gc2Delta=0 | ThreadId=1
2026-02-25 00:14:21.943 [INFO] [corr=startup-275d322859eb465b97681b8e48b80b66] PerfScope: MainForm.CheckRoomMapChanges | ElapsedMs=175 | MemoryDeltaBytes=40940 | Gc0Delta=0 | Gc1Delta=0 | Gc2Delta=0 | ThreadId=1
2026-02-25 00:14:22.193 [INFO] [corr=startup-275d322859eb465b97681b8e48b80b66] PerfScope: MainForm.RefreshRoomBillingSnapshots | ElapsedMs=179 | MemoryDeltaBytes=101380 | Gc0Delta=0 | Gc1Delta=0 | Gc2Delta=0 | ThreadId=1
2026-02-25 00:14:24.462 [INFO] [corr=startup-275d322859eb465b97681b8e48b80b66] PerfScope: MainForm.CheckRoomMapChanges | ElapsedMs=171 | MemoryDeltaBytes=40940 | Gc0Delta=0 | Gc1Delta=0 | Gc2Delta=0 | ThreadId=1
2026-02-25 00:14:26.963 [INFO] [corr=startup-275d322859eb465b97681b8e48b80b66] PerfScope: MainForm.CheckRoomMapChanges | ElapsedMs=175 | MemoryDeltaBytes=48952 | Gc0Delta=0 | Gc1Delta=0 | Gc2Delta=0 | ThreadId=1
2026-02-25 00:14:29.453 [INFO] [corr=startup-275d322859eb465b97681b8e48b80b66] PerfScope: MainForm.CheckRoomMapChanges | ElapsedMs=162 | MemoryDeltaBytes=48856 | Gc0Delta=0 | Gc1Delta=0 | Gc2Delta=0 | ThreadId=1
2026-02-25 00:14:31.955 [INFO] [corr=startup-275d322859eb465b97681b8e48b80b66] PerfScope: MainForm.CheckRoomMapChanges | ElapsedMs=172 | MemoryDeltaBytes=48856 | Gc0Delta=0 | Gc1Delta=0 | Gc2Delta=0 | ThreadId=1
2026-02-25 00:14:34.465 [INFO] [corr=startup-275d322859eb465b97681b8e48b80b66] PerfScope: MainForm.CheckRoomMapChanges | ElapsedMs=183 | MemoryDeltaBytes=40916 | Gc0Delta=0 | Gc1Delta=0 | Gc2Delta=0 | ThreadId=1
2026-02-25 00:14:36.945 [INFO] [corr=startup-275d322859eb465b97681b8e48b80b66] PerfScope: MainForm.CheckRoomMapChanges | ElapsedMs=167 | MemoryDeltaBytes=48856 | Gc0Delta=0 | Gc1Delta=0 | Gc2Delta=0 | ThreadId=1
2026-02-25 00:14:39.443 [INFO] [corr=startup-275d322859eb465b97681b8e48b80b66] PerfScope: MainForm.CheckRoomMapChanges | ElapsedMs=178 | MemoryDeltaBytes=40944 | Gc0Delta=0 | Gc1Delta=0 | Gc2Delta=0 | ThreadId=1
2026-02-25 00:14:41.969 [INFO] [corr=startup-275d322859eb465b97681b8e48b80b66] PerfScope: MainForm.CheckRoomMapChanges | ElapsedMs=176 | MemoryDeltaBytes=48864 | Gc0Delta=0 | Gc1Delta=0 | Gc2Delta=0 | ThreadId=1
2026-02-25 00:14:43.260 [INFO] [corr=startup-275d322859eb465b97681b8e48b80b66] PerfScope: MainForm.RefreshRoomBillingSnapshots | ElapsedMs=184 | MemoryDeltaBytes=98240 | Gc0Delta=0 | Gc1Delta=0 | Gc2Delta=0 | ThreadId=1
2026-02-25 00:14:44.469 [INFO] [corr=startup-275d322859eb465b97681b8e48b80b66] PerfScope: MainForm.CheckRoomMapChanges | ElapsedMs=180 | MemoryDeltaBytes=40944 | Gc0Delta=0 | Gc1Delta=0 | Gc2Delta=0 | ThreadId=1
2026-02-25 00:14:46.956 [INFO] [corr=startup-275d322859eb465b97681b8e48b80b66] PerfScope: MainForm.CheckRoomMapChanges | ElapsedMs=176 | MemoryDeltaBytes=40944 | Gc0Delta=0 | Gc1Delta=0 | Gc2Delta=0 | ThreadId=1
2026-02-25 00:14:49.692 [INFO] [corr=startup-275d322859eb465b97681b8e48b80b66] PerfScope: MainForm.CheckRoomMapChanges | ElapsedMs=406 | MemoryDeltaBytes=48940 | Gc0Delta=0 | Gc1Delta=0 | Gc2Delta=0 | ThreadId=1
2026-02-25 00:14:51.954 [INFO] [corr=startup-275d322859eb465b97681b8e48b80b66] PerfScope: MainForm.CheckRoomMapChanges | ElapsedMs=172 | MemoryDeltaBytes=40944 | Gc0Delta=0 | Gc1Delta=0 | Gc2Delta=0 | ThreadId=1
2026-02-25 00:14:54.463 [INFO] [corr=startup-275d322859eb465b97681b8e48b80b66] PerfScope: MainForm.CheckRoomMapChanges | ElapsedMs=181 | MemoryDeltaBytes=49000 | Gc0Delta=0 | Gc1Delta=0 | Gc2Delta=0 | ThreadId=1
2026-02-25 00:14:56.941 [INFO] [corr=startup-275d322859eb465b97681b8e48b80b66] PerfScope: MainForm.CheckRoomMapChanges | ElapsedMs=163 | MemoryDeltaBytes=48864 | Gc0Delta=0 | Gc1Delta=0 | Gc2Delta=0 | ThreadId=1
2026-02-25 00:14:59.471 [INFO] [corr=startup-275d322859eb465b97681b8e48b80b66] PerfScope: MainForm.CheckRoomMapChanges | ElapsedMs=180 | MemoryDeltaBytes=48864 | Gc0Delta=0 | Gc1Delta=0 | Gc2Delta=0 | ThreadId=1
2026-02-25 00:15:01.968 [INFO] [corr=startup-275d322859eb465b97681b8e48b80b66] PerfScope: MainForm.CheckRoomMapChanges | ElapsedMs=175 | MemoryDeltaBytes=40908 | Gc0Delta=0 | Gc1Delta=0 | Gc2Delta=0 | ThreadId=1
2026-02-25 00:15:04.354 [INFO] [corr=startup-275d322859eb465b97681b8e48b80b66] PerfScope: MainForm.RefreshRoomBillingSnapshots | ElapsedMs=180 | MemoryDeltaBytes=119220 | Gc0Delta=0 | Gc1Delta=0 | Gc2Delta=0 | ThreadId=1
2026-02-25 00:15:04.453 [INFO] [corr=startup-275d322859eb465b97681b8e48b80b66] PerfScope: MainForm.CheckRoomMapChanges | ElapsedMs=176 | MemoryDeltaBytes=111824 | Gc0Delta=0 | Gc1Delta=0 | Gc2Delta=0 | ThreadId=1
2026-02-25 00:15:06.951 [INFO] [corr=startup-275d322859eb465b97681b8e48b80b66] PerfScope: MainForm.CheckRoomMapChanges | ElapsedMs=172 | MemoryDeltaBytes=40944 | Gc0Delta=0 | Gc1Delta=0 | Gc2Delta=0 | ThreadId=1
2026-02-25 00:15:09.441 [INFO] [corr=startup-275d322859eb465b97681b8e48b80b66] PerfScope: MainForm.CheckRoomMapChanges | ElapsedMs=163 | MemoryDeltaBytes=40916 | Gc0Delta=0 | Gc1Delta=0 | Gc2Delta=0 | ThreadId=1
2026-02-25 00:15:11.946 [INFO] [corr=startup-275d322859eb465b97681b8e48b80b66] PerfScope: MainForm.CheckRoomMapChanges | ElapsedMs=170 | MemoryDeltaBytes=48296 | Gc0Delta=0 | Gc1Delta=0 | Gc2Delta=0 | ThreadId=1
2026-02-25 00:15:14.470 [INFO] [corr=startup-275d322859eb465b97681b8e48b80b66] PerfScope: MainForm.CheckRoomMapChanges | ElapsedMs=174 | MemoryDeltaBytes=40936 | Gc0Delta=0 | Gc1Delta=0 | Gc2Delta=0 | ThreadId=1
2026-02-25 00:15:16.975 [INFO] [corr=startup-275d322859eb465b97681b8e48b80b66] PerfScope: MainForm.CheckRoomMapChanges | ElapsedMs=166 | MemoryDeltaBytes=49152 | Gc0Delta=0 | Gc1Delta=0 | Gc2Delta=0 | ThreadId=1
2026-02-25 00:15:19.502 [INFO] [corr=startup-275d322859eb465b97681b8e48b80b66] PerfScope: MainForm.CheckRoomMapChanges | ElapsedMs=171 | MemoryDeltaBytes=49152 | Gc0Delta=0 | Gc1Delta=0 | Gc2Delta=0 | ThreadId=1
2026-02-25 00:15:21.996 [INFO] [corr=startup-275d322859eb465b97681b8e48b80b66] PerfScope: MainForm.CheckRoomMapChanges | ElapsedMs=175 | MemoryDeltaBytes=47936 | Gc0Delta=0 | Gc1Delta=0 | Gc2Delta=0 | ThreadId=1
2026-02-25 00:15:24.481 [INFO] [corr=startup-275d322859eb465b97681b8e48b80b66] PerfScope: MainForm.CheckRoomMapChanges | ElapsedMs=164 | MemoryDeltaBytes=72324 | Gc0Delta=0 | Gc1Delta=0 | Gc2Delta=0 | ThreadId=1
2026-02-25 00:15:25.503 [INFO] [corr=startup-275d322859eb465b97681b8e48b80b66] PerfScope: MainForm.RefreshRoomBillingSnapshots | ElapsedMs=185 | MemoryDeltaBytes=95704 | Gc0Delta=0 | Gc1Delta=0 | Gc2Delta=0 | ThreadId=1
2026-02-25 00:15:26.996 [INFO] [corr=startup-275d322859eb465b97681b8e48b80b66] PerfScope: MainForm.CheckRoomMapChanges | ElapsedMs=175 | MemoryDeltaBytes=40928 | Gc0Delta=0 | Gc1Delta=0 | Gc2Delta=0 | ThreadId=1
2026-02-25 00:15:29.476 [INFO] [corr=startup-275d322859eb465b97681b8e48b80b66] PerfScope: MainForm.CheckRoomMapChanges | ElapsedMs=162 | MemoryDeltaBytes=65432 | Gc0Delta=0 | Gc1Delta=0 | Gc2Delta=0 | ThreadId=1
2026-02-25 00:15:31.981 [INFO] [corr=startup-275d322859eb465b97681b8e48b80b66] PerfScope: MainForm.CheckRoomMapChanges | ElapsedMs=171 | MemoryDeltaBytes=40944 | Gc0Delta=0 | Gc1Delta=0 | Gc2Delta=0 | ThreadId=1
2026-02-25 00:15:34.486 [INFO] [corr=startup-275d322859eb465b97681b8e48b80b66] PerfScope: MainForm.CheckRoomMapChanges | ElapsedMs=175 | MemoryDeltaBytes=57276 | Gc0Delta=0 | Gc1Delta=0 | Gc2Delta=0 | ThreadId=1
2026-02-25 00:15:36.983 [INFO] [corr=startup-275d322859eb465b97681b8e48b80b66] PerfScope: MainForm.CheckRoomMapChanges | ElapsedMs=160 | MemoryDeltaBytes=40916 | Gc0Delta=0 | Gc1Delta=0 | Gc2Delta=0 | ThreadId=1
2026-02-25 00:15:39.498 [INFO] [corr=startup-275d322859eb465b97681b8e48b80b66] PerfScope: MainForm.CheckRoomMapChanges | ElapsedMs=175 | MemoryDeltaBytes=63276 | Gc0Delta=0 | Gc1Delta=0 | Gc2Delta=0 | ThreadId=1
2026-02-25 00:15:41.990 [INFO] [corr=startup-275d322859eb465b97681b8e48b80b66] PerfScope: MainForm.CheckRoomMapChanges | ElapsedMs=171 | MemoryDeltaBytes=48916 | Gc0Delta=0 | Gc1Delta=0 | Gc2Delta=0 | ThreadId=1
2026-02-25 00:15:44.484 [INFO] [corr=startup-275d322859eb465b97681b8e48b80b66] PerfScope: MainForm.CheckRoomMapChanges | ElapsedMs=166 | MemoryDeltaBytes=64244 | Gc0Delta=0 | Gc1Delta=0 | Gc2Delta=0 | ThreadId=1
2026-02-25 00:15:46.635 [INFO] [corr=startup-275d322859eb465b97681b8e48b80b66] PerfScope: MainForm.RefreshRoomBillingSnapshots | ElapsedMs=188 | MemoryDeltaBytes=103012 | Gc0Delta=0 | Gc1Delta=0 | Gc2Delta=0 | ThreadId=1
2026-02-25 00:15:46.990 [INFO] [corr=startup-275d322859eb465b97681b8e48b80b66] PerfScope: MainForm.CheckRoomMapChanges | ElapsedMs=178 | MemoryDeltaBytes=48864 | Gc0Delta=0 | Gc1Delta=0 | Gc2Delta=0 | ThreadId=1
2026-02-25 00:15:51.112 [INFO] [corr=startup-275d322859eb465b97681b8e48b80b66] PerfScope: MainForm.LoadAuditLog | FromDate=2026-01-29 | ToDate=2026-02-22 | Page=1 | PageRows=50 | TotalRows=74 | ElapsedMs=313 | MemoryDeltaBytes=438228 | Gc0Delta=0 | Gc1Delta=0 | Gc2Delta=0 | ThreadId=1
2026-02-25 00:15:51.134 [INFO] [corr=startup-275d322859eb465b97681b8e48b80b66] PerfScope: MainForm.LoadExplorerData | FromDate=2026-01-29 | ToDate=2026-02-22 | Page=1 | PageSize=20 | SortBy=checkin_desc | DbRows=20 | TotalRows=31 | ElapsedMs=338 | MemoryDeltaBytes=610104 | Gc0Delta=0 | Gc1Delta=0 | Gc2Delta=0 | ThreadId=1
2026-02-25 00:15:51.418 [INFO] [corr=startup-275d322859eb465b97681b8e48b80b66] PerfScope: MainForm.LoadBookingStats | FromDate=2026-01-29 | ToDate=2026-02-22 | BookingType=-1 | ForceReload=True | BookingRows=31 | ElapsedMs=627 | MemoryDeltaBytes=1176888 | Gc0Delta=0 | Gc1Delta=0 | Gc2Delta=0 | ThreadId=1
2026-02-25 00:15:51.621 [INFO] [corr=startup-275d322859eb465b97681b8e48b80b66] PerfScope: MainForm.LoadDataAlerts | FromDate=2026-01-29 | ToDate=2026-02-22 | AlertRows=8 | ElapsedMs=487 | MemoryDeltaBytes=704524 | Gc0Delta=0 | Gc1Delta=0 | Gc2Delta=0 | ThreadId=1
2026-02-25 00:15:51.753 [INFO] [corr=startup-275d322859eb465b97681b8e48b80b66] PerfScope: MainForm.LoadKpiDashboard | FromDate=2026-01-29 | ToDate=2026-02-22 | BookingType=-1 | RevenueTrendRows=13 | TopChannelRows=1 | ElapsedMs=335 | MemoryDeltaBytes=276704 | Gc0Delta=0 | Gc1Delta=0 | Gc2Delta=0 | ThreadId=1
2026-02-25 00:15:52.043 [INFO] [corr=startup-275d322859eb465b97681b8e48b80b66] PerfScope: MainForm.CheckRoomMapChanges | ElapsedMs=207 | MemoryDeltaBytes=57208 | Gc0Delta=0 | Gc1Delta=0 | Gc2Delta=0 | ThreadId=1
2026-02-25 00:15:56.295 [INFO] [corr=1f09e6b207b14ea7a7a4353a0f04a49d] PerfScope: OvernightCheckout.LoadExtras | BookingId=30003 | SoftDrinkQty=0 | WaterQty=0 | ElapsedMs=201 | MemoryDeltaBytes=32768 | Gc0Delta=0 | Gc1Delta=0 | Gc2Delta=0 | ThreadId=1
2026-02-25 00:15:56.316 [INFO] [corr=1f09e6b207b14ea7a7a4353a0f04a49d] PerfScope: OvernightCheckout.Load | RoomId=30003 | BookingId=30003 | ElapsedMs=1990 | MemoryDeltaBytes=677140 | Gc0Delta=0 | Gc1Delta=0 | Gc2Delta=0 | ThreadId=1
2026-02-25 00:15:57.537 [INFO] [corr=startup-275d322859eb465b97681b8e48b80b66] PerfScope: Program.Main.Bootstrap | ElapsedMs=197247 | MemoryDeltaBytes=13383440 | Gc0Delta=9 | Gc1Delta=7 | Gc2Delta=2 | ThreadId=1
2026-02-25 00:15:57.538 [INFO] [corr=-] PerfScope: Program.Main.TotalStartup | ElapsedMs=197253 | MemoryDeltaBytes=13399824 | Gc0Delta=9 | Gc1Delta=7 | Gc2Delta=2 | ThreadId=1
2026-02-25 00:23:28.915 [INFO] [corr=startup-c8858fd42e7e42819da4c1a6ebfbf311] PerfScope: Program.Main.DatabaseInitialize | ElapsedMs=10095 | MemoryDeltaBytes=3900020 | Gc0Delta=4 | Gc1Delta=3 | Gc2Delta=1 | ThreadId=1
2026-02-25 00:23:34.318 [INFO] [corr=startup-c8858fd42e7e42819da4c1a6ebfbf311] PerfScope: Program.EnsureStatisticsSchema | ElapsedMs=5399 | MemoryDeltaBytes=712704 | Gc0Delta=0 | Gc1Delta=0 | Gc2Delta=0 | ThreadId=1
2026-02-25 00:23:34.722 [INFO] [corr=startup-c8858fd42e7e42819da4c1a6ebfbf311] PerfScope: Program.EnsurePerformanceIndexes | ElapsedMs=400 | MemoryDeltaBytes=57344 | Gc0Delta=0 | Gc1Delta=0 | Gc2Delta=0 | ThreadId=1
2026-02-25 00:23:35.377 [INFO] [corr=startup-c8858fd42e7e42819da4c1a6ebfbf311] PerfScope: MainForm.Load | ElapsedMs=24 | MemoryDeltaBytes=129128 | Gc0Delta=0 | Gc1Delta=0 | Gc2Delta=0 | ThreadId=1
2026-02-25 00:23:36.736 [INFO] [corr=startup-c8858fd42e7e42819da4c1a6ebfbf311] PerfScope: MainForm.RefreshRoomBillingSnapshots | ElapsedMs=360 | MemoryDeltaBytes=396528 | Gc0Delta=0 | Gc1Delta=0 | Gc2Delta=0 | ThreadId=1
2026-02-25 00:23:36.914 [INFO] [corr=startup-c8858fd42e7e42819da4c1a6ebfbf311] PerfScope: MainForm.CheckRoomMapChanges | ElapsedMs=177 | MemoryDeltaBytes=162300 | Gc0Delta=0 | Gc1Delta=0 | Gc2Delta=0 | ThreadId=1
2026-02-25 00:23:36.914 [INFO] [corr=startup-c8858fd42e7e42819da4c1a6ebfbf311] PerfScope: MainForm.LoadRoomTiles | RoomCount=11 | FloorCount=3 | ElapsedMs=1543 | MemoryDeltaBytes=7887824 | Gc0Delta=2 | Gc1Delta=2 | Gc2Delta=0 | ThreadId=1
2026-02-25 00:23:38.062 [INFO] [corr=startup-c8858fd42e7e42819da4c1a6ebfbf311] PerfScope: MainForm.CheckRoomMapChanges | ElapsedMs=175 | MemoryDeltaBytes=40932 | Gc0Delta=0 | Gc1Delta=0 | Gc2Delta=0 | ThreadId=1
2026-02-25 00:23:40.577 [INFO] [corr=startup-c8858fd42e7e42819da4c1a6ebfbf311] PerfScope: MainForm.CheckRoomMapChanges | ElapsedMs=188 | MemoryDeltaBytes=72624 | Gc0Delta=0 | Gc1Delta=0 | Gc2Delta=0 | ThreadId=1
2026-02-25 00:23:42.920 [INFO] [corr=743e904fcffc4e6c8f362f176ee09a94] PerfScope: HourlyCheckout.LoadExtras | BookingId=30002 | SoftDrinkQty=0 | WaterQty=1 | ElapsedMs=176 | MemoryDeltaBytes=32768 | Gc0Delta=0 | Gc1Delta=0 | Gc2Delta=0 | ThreadId=1
2026-02-25 00:23:43.149 [INFO] [corr=743e904fcffc4e6c8f362f176ee09a94] PerfScope: HourlyCheckout.Load | RoomId=30001 | BookingId=30002 | ElapsedMs=949 | MemoryDeltaBytes=557104 | Gc0Delta=0 | Gc1Delta=0 | Gc2Delta=0 | ThreadId=1
2026-02-25 00:23:45.589 [INFO] [corr=startup-c8858fd42e7e42819da4c1a6ebfbf311] PerfScope: MainForm.CheckRoomMapChanges | ElapsedMs=177 | MemoryDeltaBytes=73232 | Gc0Delta=0 | Gc1Delta=0 | Gc2Delta=0 | ThreadId=1
2026-02-25 00:23:48.638 [INFO] [corr=d6295653bc91481387d4e6b75e8825e0] PerfScope: OvernightCheckout.LoadExtras | BookingId=30001 | SoftDrinkQty=0 | WaterQty=0 | ElapsedMs=173 | MemoryDeltaBytes=32768 | Gc0Delta=0 | Gc1Delta=0 | Gc2Delta=0 | ThreadId=1
2026-02-25 00:23:48.670 [INFO] [corr=d6295653bc91481387d4e6b75e8825e0] PerfScope: OvernightCheckout.Load | RoomId=30002 | BookingId=30001 | ElapsedMs=1222 | MemoryDeltaBytes=532480 | Gc0Delta=0 | Gc1Delta=0 | Gc2Delta=0 | ThreadId=1
2026-02-25 00:23:53.111 [INFO] [corr=startup-c8858fd42e7e42819da4c1a6ebfbf311] PerfScope: MainForm.CheckRoomMapChanges | ElapsedMs=194 | MemoryDeltaBytes=49152 | Gc0Delta=0 | Gc1Delta=0 | Gc2Delta=0 | ThreadId=1
2026-02-25 00:23:57.196 [INFO] [corr=startup-c8858fd42e7e42819da4c1a6ebfbf311] PerfScope: MainForm.RefreshRoomBillingSnapshots | ElapsedMs=192 | MemoryDeltaBytes=270172 | Gc0Delta=0 | Gc1Delta=0 | Gc2Delta=0 | ThreadId=1
2026-02-25 00:23:59.583 [INFO] [corr=fc93106ec0b84fa2b27c99fe95b614eb] PerfScope: OvernightCheckout.LoadExtras | BookingId=30003 | SoftDrinkQty=0 | WaterQty=0 | ElapsedMs=173 | MemoryDeltaBytes=24576 | Gc0Delta=0 | Gc1Delta=0 | Gc2Delta=0 | ThreadId=1
2026-02-25 00:23:59.630 [INFO] [corr=fc93106ec0b84fa2b27c99fe95b614eb] PerfScope: OvernightCheckout.Load | RoomId=30003 | BookingId=30003 | ElapsedMs=1229 | MemoryDeltaBytes=548864 | Gc0Delta=0 | Gc1Delta=0 | Gc2Delta=0 | ThreadId=1
2026-02-25 00:23:59.787 [INFO] [corr=startup-c8858fd42e7e42819da4c1a6ebfbf311] PerfScope: MainForm.CheckRoomMapChanges | ElapsedMs=1866 | MemoryDeltaBytes=-3209520 | Gc0Delta=1 | Gc1Delta=1 | Gc2Delta=0 | ThreadId=1
2026-02-25 00:24:03.149 [INFO] [corr=startup-c8858fd42e7e42819da4c1a6ebfbf311] PerfScope: MainForm.CheckRoomMapChanges | ElapsedMs=176 | MemoryDeltaBytes=49152 | Gc0Delta=0 | Gc1Delta=0 | Gc2Delta=0 | ThreadId=1
2026-02-25 00:24:04.245 [INFO] [corr=startup-c8858fd42e7e42819da4c1a6ebfbf311] PerfScope: Program.Main.Bootstrap | ElapsedMs=45535 | MemoryDeltaBytes=12437100 | Gc0Delta=10 | Gc1Delta=8 | Gc2Delta=2 | ThreadId=1
2026-02-25 00:24:04.245 [INFO] [corr=-] PerfScope: Program.Main.TotalStartup | ElapsedMs=45541 | MemoryDeltaBytes=12453484 | Gc0Delta=10 | Gc1Delta=8 | Gc2Delta=2 | ThreadId=1
2026-02-25 12:40:48.368 [INFO] [corr=startup-daf15384f3fc4e0e928d96b98ff1c80b] PerfScope: Program.Main.DatabaseInitialize | ElapsedMs=10264 | MemoryDeltaBytes=3849112 | Gc0Delta=4 | Gc1Delta=3 | Gc2Delta=1 | ThreadId=1
2026-02-25 12:40:53.874 [INFO] [corr=startup-daf15384f3fc4e0e928d96b98ff1c80b] PerfScope: Program.EnsureStatisticsSchema | ElapsedMs=5503 | MemoryDeltaBytes=712704 | Gc0Delta=0 | Gc1Delta=0 | Gc2Delta=0 | ThreadId=1
2026-02-25 12:40:54.270 [INFO] [corr=startup-daf15384f3fc4e0e928d96b98ff1c80b] PerfScope: Program.EnsurePerformanceIndexes | ElapsedMs=395 | MemoryDeltaBytes=57344 | Gc0Delta=0 | Gc1Delta=0 | Gc2Delta=0 | ThreadId=1
2026-02-25 12:40:54.644 [INFO] [corr=startup-daf15384f3fc4e0e928d96b98ff1c80b] PerfScope: MainForm.Load | ElapsedMs=35 | MemoryDeltaBytes=128964 | Gc0Delta=0 | Gc1Delta=0 | Gc2Delta=0 | ThreadId=1
2026-02-25 12:40:56.801 [INFO] [corr=startup-daf15384f3fc4e0e928d96b98ff1c80b] PerfScope: MainForm.RefreshRoomBillingSnapshots | ElapsedMs=1137 | MemoryDeltaBytes=-4640244 | Gc0Delta=2 | Gc1Delta=2 | Gc2Delta=1 | ThreadId=1
2026-02-25 12:40:56.801 [INFO] [corr=startup-daf15384f3fc4e0e928d96b98ff1c80b] PerfScope: MainForm.CheckRoomMapChanges | ElapsedMs=641 | MemoryDeltaBytes=-5120200 | Gc0Delta=2 | Gc1Delta=2 | Gc2Delta=1 | ThreadId=1
2026-02-25 12:40:56.801 [INFO] [corr=startup-daf15384f3fc4e0e928d96b98ff1c80b] PerfScope: MainForm.LoadRoomTiles | RoomCount=11 | FloorCount=3 | ElapsedMs=2165 | MemoryDeltaBytes=3199724 | Gc0Delta=4 | Gc1Delta=4 | Gc2Delta=1 | ThreadId=1
2026-02-25 12:40:57.346 [INFO] [corr=startup-daf15384f3fc4e0e928d96b98ff1c80b] PerfScope: MainForm.CheckRoomMapChanges | ElapsedMs=186 | MemoryDeltaBytes=49152 | Gc0Delta=0 | Gc1Delta=0 | Gc2Delta=0 | ThreadId=1
2026-02-25 12:40:59.862 [INFO] [corr=startup-daf15384f3fc4e0e928d96b98ff1c80b] PerfScope: MainForm.CheckRoomMapChanges | ElapsedMs=203 | MemoryDeltaBytes=64384 | Gc0Delta=0 | Gc1Delta=0 | Gc2Delta=0 | ThreadId=1
2026-02-25 12:41:02.352 [INFO] [corr=startup-daf15384f3fc4e0e928d96b98ff1c80b] PerfScope: MainForm.CheckRoomMapChanges | ElapsedMs=198 | MemoryDeltaBytes=49152 | Gc0Delta=0 | Gc1Delta=0 | Gc2Delta=0 | ThreadId=1
2026-02-25 12:41:04.826 [INFO] [corr=startup-daf15384f3fc4e0e928d96b98ff1c80b] PerfScope: MainForm.CheckRoomMapChanges | ElapsedMs=166 | MemoryDeltaBytes=64408 | Gc0Delta=0 | Gc1Delta=0 | Gc2Delta=0 | ThreadId=1
2026-02-25 12:41:07.339 [INFO] [corr=startup-daf15384f3fc4e0e928d96b98ff1c80b] PerfScope: MainForm.CheckRoomMapChanges | ElapsedMs=178 | MemoryDeltaBytes=40936 | Gc0Delta=0 | Gc1Delta=0 | Gc2Delta=0 | ThreadId=1
2026-02-25 12:41:09.835 [INFO] [corr=startup-daf15384f3fc4e0e928d96b98ff1c80b] PerfScope: MainForm.CheckRoomMapChanges | ElapsedMs=177 | MemoryDeltaBytes=65212 | Gc0Delta=0 | Gc1Delta=0 | Gc2Delta=0 | ThreadId=1
2026-02-25 12:41:12.333 [INFO] [corr=startup-daf15384f3fc4e0e928d96b98ff1c80b] PerfScope: MainForm.CheckRoomMapChanges | ElapsedMs=175 | MemoryDeltaBytes=40884 | Gc0Delta=0 | Gc1Delta=0 | Gc2Delta=0 | ThreadId=1
2026-02-25 12:41:14.852 [INFO] [corr=startup-daf15384f3fc4e0e928d96b98ff1c80b] PerfScope: MainForm.CheckRoomMapChanges | ElapsedMs=187 | MemoryDeltaBytes=73332 | Gc0Delta=0 | Gc1Delta=0 | Gc2Delta=0 | ThreadId=1
2026-02-25 12:41:17.380 [INFO] [corr=startup-daf15384f3fc4e0e928d96b98ff1c80b] PerfScope: MainForm.CheckRoomMapChanges | ElapsedMs=215 | MemoryDeltaBytes=57084 | Gc0Delta=0 | Gc1Delta=0 | Gc2Delta=0 | ThreadId=1
2026-02-25 12:41:17.922 [INFO] [corr=startup-daf15384f3fc4e0e928d96b98ff1c80b] PerfScope: MainForm.RefreshRoomBillingSnapshots | ElapsedMs=182 | MemoryDeltaBytes=89692 | Gc0Delta=0 | Gc1Delta=0 | Gc2Delta=0 | ThreadId=1
2026-02-25 12:41:19.839 [INFO] [corr=startup-daf15384f3fc4e0e928d96b98ff1c80b] PerfScope: MainForm.CheckRoomMapChanges | ElapsedMs=175 | MemoryDeltaBytes=71448 | Gc0Delta=0 | Gc1Delta=0 | Gc2Delta=0 | ThreadId=1
2026-02-25 12:41:22.361 [INFO] [corr=startup-daf15384f3fc4e0e928d96b98ff1c80b] PerfScope: MainForm.CheckRoomMapChanges | ElapsedMs=198 | MemoryDeltaBytes=49016 | Gc0Delta=0 | Gc1Delta=0 | Gc2Delta=0 | ThreadId=1
2026-02-25 12:41:24.829 [INFO] [corr=startup-daf15384f3fc4e0e928d96b98ff1c80b] PerfScope: MainForm.CheckRoomMapChanges | ElapsedMs=172 | MemoryDeltaBytes=65388 | Gc0Delta=0 | Gc1Delta=0 | Gc2Delta=0 | ThreadId=1
2026-02-25 12:41:27.346 [INFO] [corr=startup-daf15384f3fc4e0e928d96b98ff1c80b] PerfScope: MainForm.CheckRoomMapChanges | ElapsedMs=189 | MemoryDeltaBytes=40916 | Gc0Delta=0 | Gc1Delta=0 | Gc2Delta=0 | ThreadId=1
2026-02-25 12:41:29.844 [INFO] [corr=startup-daf15384f3fc4e0e928d96b98ff1c80b] PerfScope: MainForm.CheckRoomMapChanges | ElapsedMs=184 | MemoryDeltaBytes=72500 | Gc0Delta=0 | Gc1Delta=0 | Gc2Delta=0 | ThreadId=1
2026-02-25 12:41:32.342 [INFO] [corr=startup-daf15384f3fc4e0e928d96b98ff1c80b] PerfScope: MainForm.CheckRoomMapChanges | ElapsedMs=175 | MemoryDeltaBytes=40944 | Gc0Delta=0 | Gc1Delta=0 | Gc2Delta=0 | ThreadId=1
2026-02-25 12:41:34.847 [INFO] [corr=startup-daf15384f3fc4e0e928d96b98ff1c80b] PerfScope: MainForm.CheckRoomMapChanges | ElapsedMs=183 | MemoryDeltaBytes=73544 | Gc0Delta=0 | Gc1Delta=0 | Gc2Delta=0 | ThreadId=1
2026-02-25 12:41:37.350 [INFO] [corr=startup-daf15384f3fc4e0e928d96b98ff1c80b] PerfScope: MainForm.CheckRoomMapChanges | ElapsedMs=184 | MemoryDeltaBytes=48864 | Gc0Delta=0 | Gc1Delta=0 | Gc2Delta=0 | ThreadId=1
2026-02-25 12:41:38.979 [INFO] [corr=startup-daf15384f3fc4e0e928d96b98ff1c80b] PerfScope: MainForm.RefreshRoomBillingSnapshots | ElapsedMs=190 | MemoryDeltaBytes=98164 | Gc0Delta=0 | Gc1Delta=0 | Gc2Delta=0 | ThreadId=1
2026-02-25 12:41:39.831 [INFO] [corr=startup-daf15384f3fc4e0e928d96b98ff1c80b] PerfScope: MainForm.CheckRoomMapChanges | ElapsedMs=178 | MemoryDeltaBytes=65224 | Gc0Delta=0 | Gc1Delta=0 | Gc2Delta=0 | ThreadId=1
2026-02-25 12:41:42.348 [INFO] [corr=startup-daf15384f3fc4e0e928d96b98ff1c80b] PerfScope: MainForm.CheckRoomMapChanges | ElapsedMs=195 | MemoryDeltaBytes=40920 | Gc0Delta=0 | Gc1Delta=0 | Gc2Delta=0 | ThreadId=1
2026-02-25 12:41:44.829 [INFO] [corr=startup-daf15384f3fc4e0e928d96b98ff1c80b] PerfScope: MainForm.CheckRoomMapChanges | ElapsedMs=172 | MemoryDeltaBytes=57316 | Gc0Delta=0 | Gc1Delta=0 | Gc2Delta=0 | ThreadId=1
2026-02-25 12:41:47.352 [INFO] [corr=startup-daf15384f3fc4e0e928d96b98ff1c80b] PerfScope: MainForm.CheckRoomMapChanges | ElapsedMs=187 | MemoryDeltaBytes=40920 | Gc0Delta=0 | Gc1Delta=0 | Gc2Delta=0 | ThreadId=1
2026-02-25 12:41:49.831 [INFO] [corr=startup-daf15384f3fc4e0e928d96b98ff1c80b] PerfScope: MainForm.CheckRoomMapChanges | ElapsedMs=179 | MemoryDeltaBytes=57312 | Gc0Delta=0 | Gc1Delta=0 | Gc2Delta=0 | ThreadId=1
2026-02-25 12:41:52.378 [INFO] [corr=startup-daf15384f3fc4e0e928d96b98ff1c80b] PerfScope: MainForm.CheckRoomMapChanges | ElapsedMs=220 | MemoryDeltaBytes=49020 | Gc0Delta=0 | Gc1Delta=0 | Gc2Delta=0 | ThreadId=1
2026-02-25 12:41:54.838 [INFO] [corr=startup-daf15384f3fc4e0e928d96b98ff1c80b] PerfScope: MainForm.CheckRoomMapChanges | ElapsedMs=179 | MemoryDeltaBytes=65524 | Gc0Delta=0 | Gc1Delta=0 | Gc2Delta=0 | ThreadId=1
2026-02-25 12:41:57.396 [INFO] [corr=startup-daf15384f3fc4e0e928d96b98ff1c80b] PerfScope: MainForm.CheckRoomMapChanges | ElapsedMs=237 | MemoryDeltaBytes=48984 | Gc0Delta=0 | Gc1Delta=0 | Gc2Delta=0 | ThreadId=1
2026-02-25 12:41:59.652 [INFO] [corr=80ccdb09ed7d42f69902ca4ea082ea9d] PerfScope: HourlyCheckout.LoadExtras | BookingId=30002 | SoftDrinkQty=0 | WaterQty=1 | ElapsedMs=174 | MemoryDeltaBytes=31344 | Gc0Delta=0 | Gc1Delta=0 | Gc2Delta=0 | ThreadId=1
2026-02-25 12:41:59.920 [INFO] [corr=80ccdb09ed7d42f69902ca4ea082ea9d] PerfScope: HourlyCheckout.Load | RoomId=30001 | BookingId=30002 | ElapsedMs=933 | MemoryDeltaBytes=490144 | Gc0Delta=0 | Gc1Delta=0 | Gc2Delta=0 | ThreadId=1
2026-02-25 12:42:01.822 [INFO] [corr=startup-daf15384f3fc4e0e928d96b98ff1c80b] PerfScope: MainForm.RefreshRoomBillingSnapshots | ElapsedMs=208 | MemoryDeltaBytes=212540 | Gc0Delta=0 | Gc1Delta=0 | Gc2Delta=0 | ThreadId=1
2026-02-25 12:42:04.835 [INFO] [corr=startup-daf15384f3fc4e0e928d96b98ff1c80b] PerfScope: MainForm.CheckRoomMapChanges | ElapsedMs=173 | MemoryDeltaBytes=65480 | Gc0Delta=0 | Gc1Delta=0 | Gc2Delta=0 | ThreadId=1
2026-02-25 12:42:05.483 [INFO] [corr=startup-daf15384f3fc4e0e928d96b98ff1c80b] PerfScope: Program.Main.Bootstrap | ElapsedMs=87535 | MemoryDeltaBytes=8814688 | Gc0Delta=10 | Gc1Delta=8 | Gc2Delta=2 | ThreadId=1
2026-02-25 12:42:05.484 [INFO] [corr=-] PerfScope: Program.Main.TotalStartup | ElapsedMs=87546 | MemoryDeltaBytes=8831072 | Gc0Delta=10 | Gc1Delta=8 | Gc2Delta=2 | ThreadId=1
2026-02-25 12:46:56.442 [INFO] [corr=startup-01945713102f4eb7a9a61b861554fda4] PerfScope: MainForm.Load | ElapsedMs=42 | MemoryDeltaBytes=112288 | Gc0Delta=0 | Gc1Delta=0 | Gc2Delta=0 | ThreadId=1
2026-02-25 12:46:57.991 [INFO] [corr=startup-01945713102f4eb7a9a61b861554fda4] PerfScope: MainForm.RefreshRoomBillingSnapshots | ElapsedMs=544 | MemoryDeltaBytes=392636 | Gc0Delta=0 | Gc1Delta=0 | Gc2Delta=0 | ThreadId=1
2026-02-25 12:46:58.177 [INFO] [corr=startup-01945713102f4eb7a9a61b861554fda4] PerfScope: MainForm.CheckRoomMapChanges | ElapsedMs=186 | MemoryDeltaBytes=161056 | Gc0Delta=0 | Gc1Delta=0 | Gc2Delta=0 | ThreadId=1
2026-02-25 12:46:58.178 [INFO] [corr=startup-01945713102f4eb7a9a61b861554fda4] PerfScope: MainForm.LoadRoomTiles | RoomCount=11 | FloorCount=3 | ElapsedMs=1748 | MemoryDeltaBytes=1450852 | Gc0Delta=0 | Gc1Delta=0 | Gc2Delta=0 | ThreadId=1
2026-02-25 12:46:59.112 [INFO] [corr=startup-01945713102f4eb7a9a61b861554fda4] PerfScope: MainForm.CheckRoomMapChanges | ElapsedMs=177 | MemoryDeltaBytes=49008 | Gc0Delta=0 | Gc1Delta=0 | Gc2Delta=0 | ThreadId=1
2026-02-25 12:47:01.611 [INFO] [corr=startup-01945713102f4eb7a9a61b861554fda4] PerfScope: MainForm.CheckRoomMapChanges | ElapsedMs=175 | MemoryDeltaBytes=73184 | Gc0Delta=0 | Gc1Delta=0 | Gc2Delta=0 | ThreadId=1
2026-02-25 12:47:04.121 [INFO] [corr=startup-01945713102f4eb7a9a61b861554fda4] PerfScope: MainForm.CheckRoomMapChanges | ElapsedMs=183 | MemoryDeltaBytes=57300 | Gc0Delta=0 | Gc1Delta=0 | Gc2Delta=0 | ThreadId=1
2026-02-25 12:47:06.605 [INFO] [corr=startup-01945713102f4eb7a9a61b861554fda4] PerfScope: MainForm.CheckRoomMapChanges | ElapsedMs=172 | MemoryDeltaBytes=72584 | Gc0Delta=0 | Gc1Delta=0 | Gc2Delta=0 | ThreadId=1
2026-02-25 12:47:09.103 [INFO] [corr=startup-01945713102f4eb7a9a61b861554fda4] PerfScope: MainForm.CheckRoomMapChanges | ElapsedMs=171 | MemoryDeltaBytes=48692 | Gc0Delta=0 | Gc1Delta=0 | Gc2Delta=0 | ThreadId=1
2026-02-25 12:47:11.620 [INFO] [corr=startup-01945713102f4eb7a9a61b861554fda4] PerfScope: MainForm.CheckRoomMapChanges | ElapsedMs=180 | MemoryDeltaBytes=155248 | Gc0Delta=0 | Gc1Delta=0 | Gc2Delta=0 | ThreadId=1
2026-02-25 12:47:14.264 [INFO] [corr=d8d0f516be9a4ea6a2900bb2382e6fde] PerfScope: HourlyCheckout.LoadExtras | BookingId=30002 | SoftDrinkQty=0 | WaterQty=1 | ElapsedMs=175 | MemoryDeltaBytes=2313540 | Gc0Delta=0 | Gc1Delta=0 | Gc2Delta=0 | ThreadId=1
2026-02-25 12:47:14.455 [INFO] [corr=d8d0f516be9a4ea6a2900bb2382e6fde] PerfScope: HourlyCheckout.Load | RoomId=30001 | BookingId=30002 | ElapsedMs=864 | MemoryDeltaBytes=5161268 | Gc0Delta=0 | Gc1Delta=0 | Gc2Delta=0 | ThreadId=1
2026-02-25 12:47:18.901 [INFO] [corr=bf9bdbfcbb3c435b9d8ec617bb3af36c] PerfScope: OvernightCheckout.LoadExtras | BookingId=30001 | SoftDrinkQty=0 | WaterQty=0 | ElapsedMs=190 | MemoryDeltaBytes=-4753200 | Gc0Delta=1 | Gc1Delta=0 | Gc2Delta=0 | ThreadId=1
2026-02-25 12:47:18.944 [INFO] [corr=bf9bdbfcbb3c435b9d8ec617bb3af36c] PerfScope: OvernightCheckout.Load | RoomId=30002 | BookingId=30001 | ElapsedMs=1318 | MemoryDeltaBytes=-3936116 | Gc0Delta=1 | Gc1Delta=0 | Gc2Delta=0 | ThreadId=1
2026-02-25 12:47:20.363 [INFO] [corr=-] PerfScope: Program.Main.DatabaseInitialize | ElapsedMs=8815 | MemoryDeltaBytes=2603756 | Gc0Delta=6 | Gc1Delta=5 | Gc2Delta=1 | ThreadId=4
2026-02-25 12:47:20.383 [INFO] [corr=startup-01945713102f4eb7a9a61b861554fda4] PerfScope: MainForm.RefreshRoomBillingSnapshots | ElapsedMs=207 | MemoryDeltaBytes=376704 | Gc0Delta=0 | Gc1Delta=0 | Gc2Delta=0 | ThreadId=1
2026-02-25 12:47:23.733 [INFO] [corr=startup-01945713102f4eb7a9a61b861554fda4] PerfScope: MainForm.LoadExplorerData | FromDate=2026-01-29 | ToDate=2026-02-22 | Page=1 | PageSize=20 | SortBy=checkin_desc | DbRows=20 | TotalRows=31 | ElapsedMs=286 | MemoryDeltaBytes=498512 | Gc0Delta=0 | Gc1Delta=0 | Gc2Delta=0 | ThreadId=1
2026-02-25 12:47:24.140 [INFO] [corr=startup-01945713102f4eb7a9a61b861554fda4] PerfScope: MainForm.LoadBookingStats | FromDate=2026-01-29 | ToDate=2026-02-22 | BookingType=-1 | ForceReload=True | BookingRows=31 | ElapsedMs=699 | MemoryDeltaBytes=-3502952 | Gc0Delta=1 | Gc1Delta=1 | Gc2Delta=0 | ThreadId=1
2026-02-25 12:47:24.255 [INFO] [corr=startup-01945713102f4eb7a9a61b861554fda4] PerfScope: MainForm.CheckBookingStatisticsChanges | ElapsedMs=315 | MemoryDeltaBytes=-4225280 | Gc0Delta=1 | Gc1Delta=1 | Gc2Delta=0 | ThreadId=1
2026-02-25 12:47:24.435 [INFO] [corr=startup-01945713102f4eb7a9a61b861554fda4] PerfScope: MainForm.LoadAuditLog | FromDate=2026-01-29 | ToDate=2026-02-22 | Page=1 | PageRows=50 | TotalRows=74 | ElapsedMs=982 | MemoryDeltaBytes=-2775996 | Gc0Delta=1 | Gc1Delta=1 | Gc2Delta=0 | ThreadId=1
2026-02-25 12:47:24.440 [INFO] [corr=startup-01945713102f4eb7a9a61b861554fda4] PerfScope: MainForm.LoadKpiDashboard | FromDate=2026-01-29 | ToDate=2026-02-22 | BookingType=-1 | RevenueTrendRows=13 | TopChannelRows=1 | ElapsedMs=300 | MemoryDeltaBytes=871656 | Gc0Delta=0 | Gc1Delta=0 | Gc2Delta=0 | ThreadId=1
2026-02-25 12:47:24.935 [INFO] [corr=startup-01945713102f4eb7a9a61b861554fda4] PerfScope: MainForm.LoadDataAlerts | FromDate=2026-01-29 | ToDate=2026-02-22 | AlertRows=8 | ElapsedMs=497 | MemoryDeltaBytes=234624 | Gc0Delta=0 | Gc1Delta=0 | Gc2Delta=0 | ThreadId=1
2026-02-25 12:47:25.663 [INFO] [corr=-] PerfScope: Program.EnsureStatisticsSchema | ElapsedMs=5298 | MemoryDeltaBytes=-466528 | Gc0Delta=1 | Gc1Delta=1 | Gc2Delta=0 | ThreadId=4
2026-02-25 12:47:26.064 [INFO] [corr=-] PerfScope: Program.EnsurePerformanceIndexes | ElapsedMs=399 | MemoryDeltaBytes=80416 | Gc0Delta=0 | Gc1Delta=0 | Gc2Delta=0 | ThreadId=4
2026-02-25 12:47:26.065 [INFO] [corr=-] PerfScope: Program.StartupMaintenance.Background | ElapsedMs=5700 | MemoryDeltaBytes=-361536 | Gc0Delta=1 | Gc1Delta=1 | Gc2Delta=0 | ThreadId=4
2026-02-25 12:47:49.536 [INFO] [corr=startup-01945713102f4eb7a9a61b861554fda4] PerfScope: Program.Main.Bootstrap | ElapsedMs=56039 | MemoryDeltaBytes=12174744 | Gc0Delta=10 | Gc1Delta=8 | Gc2Delta=2 | ThreadId=1
2026-02-25 12:47:49.537 [INFO] [corr=-] PerfScope: Program.Main.TotalStartup | ElapsedMs=56047 | MemoryDeltaBytes=12199320 | Gc0Delta=10 | Gc1Delta=8 | Gc2Delta=2 | ThreadId=1
